#
# There is insufficient memory for the Java Runtime Environment to continue.
# Native memory allocation (malloc) failed to allocate 32744 bytes for ChunkPool::allocate
# Possible reasons:
#   The system is out of physical RAM or swap space
#   The process is running with CompressedOops enabled, and the Java Heap may be blocking the growth of the native heap
# Possible solutions:
#   Reduce memory load on the system
#   Increase physical memory or swap space
#   Check if swap backing store is full
#   Decrease Java heap size (-Xmx/-Xms)
#   Decrease number of Java threads
#   Decrease Java thread stack sizes (-Xss)
#   Set larger code cache with -XX:ReservedCodeCacheSize=
#   JVM is running with Unscaled Compressed Oops mode in which the Java heap is
#     placed in the first 4GB address space. The Java Heap base address is the
#     maximum limit for the native heap growth. Please use -XX:HeapBaseMinAddress
#     to set the Java Heap base and to place the Java Heap above 4GB virtual address.
# This output file may be truncated or incomplete.
#
#  Out of Memory Error (src/hotspot/share/memory/arena.cpp:81), pid=9856, tid=3320
#
# JRE version: OpenJDK Runtime Environment (11.0.15) (build 11.0.15+0-b2043.56-8887301)
# Java VM: OpenJDK 64-Bit Server VM (11.0.15+0-b2043.56-8887301, mixed mode, tiered, compressed oops, g1 gc, windows-amd64)
# No core dump will be written. Minidumps are not enabled by default on client versions of Windows
#

---------------  S U M M A R Y ------------

Command Line: --add-opens=java.base/java.util=ALL-UNNAMED --add-opens=java.base/java.lang=ALL-UNNAMED --add-opens=java.base/java.lang.invoke=ALL-UNNAMED --add-opens=java.base/java.util=ALL-UNNAMED --add-opens=java.prefs/java.util.prefs=ALL-UNNAMED --add-opens=java.prefs/java.util.prefs=ALL-UNNAMED --add-opens=java.base/java.nio.charset=ALL-UNNAMED --add-opens=java.base/java.net=ALL-UNNAMED --add-opens=java.base/java.util.concurrent.atomic=ALL-UNNAMED -Xmx2048m -Dfile.encoding=UTF-8 -Duser.country=BR -Duser.language=pt -Duser.variant org.gradle.launcher.daemon.bootstrap.GradleDaemon 7.5

Host: Intel(R) Core(TM) i5-7200U CPU @ 2.50GHz, 4 cores, 7G,  Windows 10 , 64 bit Build 19041 (10.0.19041.2364)
Time: Sun Feb  5 16:35:14 2023 Hora oficial do Brasil elapsed time: 1054.845581 seconds (0d 0h 17m 34s)

---------------  T H R E A D  ---------------

Current thread (0x000001fe4cd7f800):  JavaThread "C2 CompilerThread0" daemon [_thread_in_native, id=3320, stack(0x000000cccd500000,0x000000cccd600000)]


Current CompileTask:
C2:1054845 19148       4       org.gradle.internal.normalization.java.impl.ApiMemberWriter::writeMethodAnnotations (90 bytes)

Stack: [0x000000cccd500000,0x000000cccd600000]
Native frames: (J=compiled Java code, j=interpreted, Vv=VM code, C=native code)
V  [jvm.dll+0x64135a]
V  [jvm.dll+0x7d39f9]
V  [jvm.dll+0x7d51b9]
V  [jvm.dll+0x7d58a3]
V  [jvm.dll+0x2691c5]
V  [jvm.dll+0xc1cbf]
V  [jvm.dll+0xc200c]
V  [jvm.dll+0x37c70b]
V  [jvm.dll+0x531d78]
V  [jvm.dll+0x530d60]
V  [jvm.dll+0x53199e]
V  [jvm.dll+0x3424c4]
V  [jvm.dll+0x34186a]
V  [jvm.dll+0x2214bd]
V  [jvm.dll+0x220498]
V  [jvm.dll+0x19e851]
V  [jvm.dll+0x230479]
V  [jvm.dll+0x22e5ef]
V  [jvm.dll+0x794de1]
V  [jvm.dll+0x78dc24]
V  [jvm.dll+0x6400f6]
C  [ucrtbase.dll+0x21bb2]
C  [KERNEL32.DLL+0x17614]
C  [ntdll.dll+0x526a1]


---------------  P R O C E S S  ---------------

Threads class SMR info:
_java_thread_list=0x000001fe534d8f40, length=93, elements={
0x000001fe33149000, 0x000001fe4cd5b800, 0x000001fe4cd5e800, 0x000001fe4d702800,
0x000001fe4d703000, 0x000001fe4cd7b800, 0x000001fe4cd7f800, 0x000001fe4cd81800,
0x000001fe4cd8d800, 0x000001fe4d853000, 0x000001fe4ed6b800, 0x000001fe4e73b800,
0x000001fe4fd56800, 0x000001fe50711800, 0x000001fe50712000, 0x000001fe50714000,
0x000001fe50713000, 0x000001fe50b80800, 0x000001fe50b80000, 0x000001fe50b83000,
0x000001fe50b84000, 0x000001fe50b7e800, 0x000001fe50b85000, 0x000001fe50b81800,
0x000001fe4e47a800, 0x000001fe4e47c000, 0x000001fe4e473000, 0x000001fe4e471800,
0x000001fe4e46f800, 0x000001fe4e474000, 0x000001fe4e472000, 0x000001fe4e46e000,
0x000001fe4e470800, 0x000001fe4e474800, 0x000001fe4e46f000, 0x000001fe4e475800,
0x000001fe4e479800, 0x000001fe4e47b000, 0x000001fe4e477000, 0x000001fe4e476000,
0x000001fe4e478800, 0x000001fe4e47c800, 0x000001fe4e478000, 0x000001fe50b7f000,
0x000001fe50b87800, 0x000001fe50b89000, 0x000001fe50b8b800, 0x000001fe50b88000,
0x000001fe50b89800, 0x000001fe50b85800, 0x000001fe50b8c000, 0x000001fe50b8a800,
0x000001fe50b86800, 0x000001fe50b8d000, 0x000001fe50bea000, 0x000001fe50bec800,
0x000001fe50bf1000, 0x000001fe50bee800, 0x000001fe50bed800, 0x000001fe50bef000,
0x000001fe50bf0000, 0x000001fe50beb000, 0x000001fe50bf1800, 0x000001fe50bec000,
0x000001fe50bf3000, 0x000001fe50bf4000, 0x000001fe50bf7800, 0x000001fe50bf6800,
0x000001fe50bf2800, 0x000001fe50bf9000, 0x000001fe50bf8000, 0x000001fe50bf5000,
0x000001fe50bf5800, 0x000001fe5774f000, 0x000001fe57750800, 0x000001fe5774b000,
0x000001fe57750000, 0x000001fe57751800, 0x000001fe5774e000, 0x000001fe5774b800,
0x000001fe57752800, 0x000001fe5774d800, 0x000001fe5774c800, 0x000001fe57759000,
0x000001fe57754000, 0x000001fe57758000, 0x000001fe57753000, 0x000001fe57755800,
0x000001fe57756800, 0x000001fe57754800, 0x000001fe57757000, 0x000001fe50da3000,
0x000001fe4cd89800
}

Java Threads: ( => current thread )
  0x000001fe33149000 JavaThread "main" [_thread_blocked, id=3580, stack(0x000000cccc900000,0x000000cccca00000)]
  0x000001fe4cd5b800 JavaThread "Reference Handler" daemon [_thread_blocked, id=9036, stack(0x000000cccd000000,0x000000cccd100000)]
  0x000001fe4cd5e800 JavaThread "Finalizer" daemon [_thread_blocked, id=1568, stack(0x000000cccd100000,0x000000cccd200000)]
  0x000001fe4d702800 JavaThread "Signal Dispatcher" daemon [_thread_blocked, id=7484, stack(0x000000cccd200000,0x000000cccd300000)]
  0x000001fe4d703000 JavaThread "Attach Listener" daemon [_thread_blocked, id=4204, stack(0x000000cccd300000,0x000000cccd400000)]
  0x000001fe4cd7b800 JavaThread "Service Thread" daemon [_thread_blocked, id=6880, stack(0x000000cccd400000,0x000000cccd500000)]
=>0x000001fe4cd7f800 JavaThread "C2 CompilerThread0" daemon [_thread_in_native, id=3320, stack(0x000000cccd500000,0x000000cccd600000)]
  0x000001fe4cd81800 JavaThread "C1 CompilerThread0" daemon [_thread_in_native, id=636, stack(0x000000cccd600000,0x000000cccd700000)]
  0x000001fe4cd8d800 JavaThread "Sweeper thread" daemon [_thread_blocked, id=10748, stack(0x000000cccd700000,0x000000cccd800000)]
  0x000001fe4d853000 JavaThread "Common-Cleaner" daemon [_thread_blocked, id=9804, stack(0x000000cccd800000,0x000000cccd900000)]
  0x000001fe4ed6b800 JavaThread "Daemon health stats" [_thread_blocked, id=7388, stack(0x000000cccdd00000,0x000000cccde00000)]
  0x000001fe4e73b800 JavaThread "Incoming local TCP Connector on port 53817" [_thread_in_native, id=10328, stack(0x000000cccda00000,0x000000cccdb00000)]
  0x000001fe4fd56800 JavaThread "Daemon periodic checks" [_thread_blocked, id=11172, stack(0x000000cccde00000,0x000000cccdf00000)]
  0x000001fe50711800 JavaThread "Cache worker for journal cache (C:\Users\Isahs\.gradle\caches\journal-1)" [_thread_blocked, id=11036, stack(0x000000ccce700000,0x000000ccce800000)]
  0x000001fe50712000 JavaThread "File lock request listener" [_thread_in_native, id=8836, stack(0x000000ccce800000,0x000000ccce900000)]
  0x000001fe50714000 JavaThread "Cache worker for file hash cache (C:\Users\Isahs\.gradle\caches\7.5\fileHashes)" [_thread_blocked, id=10712, stack(0x000000ccce900000,0x000000cccea00000)]
  0x000001fe50713000 JavaThread "File watcher server" daemon [_thread_in_native, id=11052, stack(0x000000ccceb00000,0x000000cccec00000)]
  0x000001fe50b80800 JavaThread "File watcher consumer" daemon [_thread_blocked, id=11148, stack(0x000000cccec00000,0x000000ccced00000)]
  0x000001fe50b80000 JavaThread "jar transforms" [_thread_blocked, id=8868, stack(0x000000cccea00000,0x000000ccceb00000)]
  0x000001fe50b83000 JavaThread "jar transforms Thread 2" [_thread_blocked, id=10028, stack(0x000000ccced00000,0x000000cccee00000)]
  0x000001fe50b84000 JavaThread "jar transforms Thread 3" [_thread_blocked, id=10572, stack(0x000000cccee00000,0x000000cccef00000)]
  0x000001fe50b7e800 JavaThread "jar transforms Thread 4" [_thread_blocked, id=7476, stack(0x000000cccef00000,0x000000cccf000000)]
  0x000001fe50b85000 JavaThread "Cache worker for file content cache (C:\Users\Isahs\.gradle\caches\7.5\fileContent)" [_thread_blocked, id=7808, stack(0x000000cccf200000,0x000000cccf300000)]
  0x000001fe50b81800 JavaThread "Cache worker for execution history cache (C:\Users\Isahs\.gradle\caches\7.5\executionHistory)" [_thread_blocked, id=4312, stack(0x000000cccf500000,0x000000cccf600000)]
  0x000001fe4e47a800 JavaThread "Memory manager" [_thread_blocked, id=864, stack(0x000000ccd2100000,0x000000ccd2200000)]
  0x000001fe4e47c000 JavaThread "pool-3-thread-1" [_thread_blocked, id=7376, stack(0x000000ccd2400000,0x000000ccd2500000)]
  0x000001fe4e473000 JavaThread "Daemon Thread 2" [_thread_blocked, id=6220, stack(0x000000cccc600000,0x000000cccc700000)]
  0x000001fe4e471800 JavaThread "Handler for socket connection from /127.0.0.1:53817 to /127.0.0.1:54514" [_thread_in_native, id=11244, stack(0x000000cccc700000,0x000000cccc800000)]
  0x000001fe4e46f800 JavaThread "Cancel handler" [_thread_blocked, id=10624, stack(0x000000cccc800000,0x000000cccc900000)]
  0x000001fe4e474000 JavaThread "Daemon worker Thread 2" [_thread_blocked, id=8152, stack(0x000000cccdf00000,0x000000ccce000000)]
  0x000001fe4e472000 JavaThread "Asynchronous log dispatcher for DefaultDaemonConnection: socket connection from /127.0.0.1:53817 to /127.0.0.1:54514" [_thread_blocked, id=9516, stack(0x000000ccce000000,0x000000ccce100000)]
  0x000001fe4e46e000 JavaThread "Stdin handler" [_thread_blocked, id=2272, stack(0x000000ccce100000,0x000000ccce200000)]
  0x000001fe4e470800 JavaThread "Daemon client event forwarder" [_thread_blocked, id=5728, stack(0x000000ccce200000,0x000000ccce300000)]
  0x000001fe4e474800 JavaThread "Cache worker for checksums cache (C:\Users\Isahs\Documents\Android_Studio\calendar\.gradle\7.5\checksums)" [_thread_blocked, id=6544, stack(0x000000ccce300000,0x000000ccce400000)]
  0x000001fe4e46f000 JavaThread "Cache worker for cache directory md-rule (C:\Users\Isahs\.gradle\caches\7.5\md-rule)" [_thread_blocked, id=9208, stack(0x000000ccce400000,0x000000ccce500000)]
  0x000001fe4e475800 JavaThread "Cache worker for file hash cache (C:\Users\Isahs\Documents\Android_Studio\calendar\.gradle\7.5\fileHashes)" [_thread_blocked, id=2652, stack(0x000000ccce500000,0x000000ccce600000)]
  0x000001fe4e479800 JavaThread "Cache worker for cache directory md-supplier (C:\Users\Isahs\.gradle\caches\7.5\md-supplier)" [_thread_blocked, id=10892, stack(0x000000cccf000000,0x000000cccf100000)]
  0x000001fe4e47b000 JavaThread "Cache worker for dependencies-accessors (C:\Users\Isahs\Documents\Android_Studio\calendar\.gradle\7.5\dependencies-accessors)" [_thread_blocked, id=7196, stack(0x000000cccf100000,0x000000cccf200000)]
  0x000001fe4e477000 JavaThread "Cache worker for Build Output Cleanup Cache (C:\Users\Isahs\Documents\Android_Studio\calendar\.gradle\buildOutputCleanup)" [_thread_blocked, id=4164, stack(0x000000cccf300000,0x000000cccf400000)]
  0x000001fe4e476000 JavaThread "Unconstrained build operations" [_thread_blocked, id=2828, stack(0x000000cccf400000,0x000000cccf500000)]
  0x000001fe4e478800 JavaThread "Unconstrained build operations Thread 2" [_thread_blocked, id=6928, stack(0x000000cccf600000,0x000000cccf700000)]
  0x000001fe4e47c800 JavaThread "Unconstrained build operations Thread 3" [_thread_blocked, id=10760, stack(0x000000cccf700000,0x000000cccf800000)]
  0x000001fe4e478000 JavaThread "Unconstrained build operations Thread 4" [_thread_blocked, id=5408, stack(0x000000cccf800000,0x000000cccf900000)]
  0x000001fe50b7f000 JavaThread "Unconstrained build operations Thread 5" [_thread_blocked, id=4396, stack(0x000000cccf900000,0x000000cccfa00000)]
  0x000001fe50b87800 JavaThread "Unconstrained build operations Thread 6" [_thread_blocked, id=1804, stack(0x000000cccfa00000,0x000000cccfb00000)]
  0x000001fe50b89000 JavaThread "Unconstrained build operations Thread 7" [_thread_blocked, id=10844, stack(0x000000cccfb00000,0x000000cccfc00000)]
  0x000001fe50b8b800 JavaThread "Unconstrained build operations Thread 8" [_thread_blocked, id=7760, stack(0x000000cccfc00000,0x000000cccfd00000)]
  0x000001fe50b88000 JavaThread "Unconstrained build operations Thread 9" [_thread_blocked, id=10492, stack(0x000000cccfd00000,0x000000cccfe00000)]
  0x000001fe50b89800 JavaThread "Unconstrained build operations Thread 10" [_thread_blocked, id=10716, stack(0x000000cccfe00000,0x000000cccff00000)]
  0x000001fe50b85800 JavaThread "Unconstrained build operations Thread 11" [_thread_blocked, id=940, stack(0x000000cccff00000,0x000000ccd0000000)]
  0x000001fe50b8c000 JavaThread "Unconstrained build operations Thread 12" [_thread_blocked, id=10508, stack(0x000000ccd0000000,0x000000ccd0100000)]
  0x000001fe50b8a800 JavaThread "Unconstrained build operations Thread 13" [_thread_blocked, id=9168, stack(0x000000ccd0100000,0x000000ccd0200000)]
  0x000001fe50b86800 JavaThread "Unconstrained build operations Thread 14" [_thread_blocked, id=5216, stack(0x000000ccd0200000,0x000000ccd0300000)]
  0x000001fe50b8d000 JavaThread "Unconstrained build operations Thread 15" [_thread_blocked, id=9600, stack(0x000000ccd0300000,0x000000ccd0400000)]
  0x000001fe50bea000 JavaThread "Unconstrained build operations Thread 16" [_thread_blocked, id=6836, stack(0x000000ccd0400000,0x000000ccd0500000)]
  0x000001fe50bec800 JavaThread "Unconstrained build operations Thread 17" [_thread_blocked, id=8520, stack(0x000000ccd0500000,0x000000ccd0600000)]
  0x000001fe50bf1000 JavaThread "Unconstrained build operations Thread 18" [_thread_blocked, id=4540, stack(0x000000ccd0700000,0x000000ccd0800000)]
  0x000001fe50bee800 JavaThread "Unconstrained build operations Thread 19" [_thread_blocked, id=11224, stack(0x000000ccd0800000,0x000000ccd0900000)]
  0x000001fe50bed800 JavaThread "Unconstrained build operations Thread 20" [_thread_blocked, id=6764, stack(0x000000ccd0900000,0x000000ccd0a00000)]
  0x000001fe50bef000 JavaThread "Unconstrained build operations Thread 21" [_thread_blocked, id=4688, stack(0x000000ccd0a00000,0x000000ccd0b00000)]
  0x000001fe50bf0000 JavaThread "Unconstrained build operations Thread 22" [_thread_blocked, id=5828, stack(0x000000ccd0b00000,0x000000ccd0c00000)]
  0x000001fe50beb000 JavaThread "Unconstrained build operations Thread 23" [_thread_blocked, id=9608, stack(0x000000ccd0c00000,0x000000ccd0d00000)]
  0x000001fe50bf1800 JavaThread "Unconstrained build operations Thread 24" [_thread_blocked, id=1452, stack(0x000000ccd0d00000,0x000000ccd0e00000)]
  0x000001fe50bec000 JavaThread "Unconstrained build operations Thread 25" [_thread_blocked, id=7456, stack(0x000000ccd0e00000,0x000000ccd0f00000)]
  0x000001fe50bf3000 JavaThread "Unconstrained build operations Thread 26" [_thread_blocked, id=7008, stack(0x000000ccd0f00000,0x000000ccd1000000)]
  0x000001fe50bf4000 JavaThread "Unconstrained build operations Thread 27" [_thread_blocked, id=6164, stack(0x000000ccd1000000,0x000000ccd1100000)]
  0x000001fe50bf7800 JavaThread "Unconstrained build operations Thread 28" [_thread_blocked, id=8176, stack(0x000000ccd1100000,0x000000ccd1200000)]
  0x000001fe50bf6800 JavaThread "Unconstrained build operations Thread 29" [_thread_blocked, id=1324, stack(0x000000ccd1200000,0x000000ccd1300000)]
  0x000001fe50bf2800 JavaThread "Unconstrained build operations Thread 30" [_thread_blocked, id=10460, stack(0x000000ccd1300000,0x000000ccd1400000)]
  0x000001fe50bf9000 JavaThread "Unconstrained build operations Thread 31" [_thread_blocked, id=2160, stack(0x000000ccd1400000,0x000000ccd1500000)]
  0x000001fe50bf8000 JavaThread "Unconstrained build operations Thread 32" [_thread_blocked, id=5256, stack(0x000000ccd1500000,0x000000ccd1600000)]
  0x000001fe50bf5000 JavaThread "Unconstrained build operations Thread 33" [_thread_blocked, id=3872, stack(0x000000ccd1600000,0x000000ccd1700000)]
  0x000001fe50bf5800 JavaThread "Unconstrained build operations Thread 34" [_thread_blocked, id=9616, stack(0x000000ccd1700000,0x000000ccd1800000)]
  0x000001fe5774f000 JavaThread "Unconstrained build operations Thread 35" [_thread_blocked, id=8172, stack(0x000000ccd1800000,0x000000ccd1900000)]
  0x000001fe57750800 JavaThread "Unconstrained build operations Thread 36" [_thread_blocked, id=10532, stack(0x000000ccd1900000,0x000000ccd1a00000)]
  0x000001fe5774b000 JavaThread "Unconstrained build operations Thread 37" [_thread_blocked, id=4708, stack(0x000000ccd1a00000,0x000000ccd1b00000)]
  0x000001fe57750000 JavaThread "Unconstrained build operations Thread 38" [_thread_blocked, id=10720, stack(0x000000ccd1b00000,0x000000ccd1c00000)]
  0x000001fe57751800 JavaThread "Unconstrained build operations Thread 39" [_thread_blocked, id=10076, stack(0x000000ccd1c00000,0x000000ccd1d00000)]
  0x000001fe5774e000 JavaThread "Unconstrained build operations Thread 40" [_thread_blocked, id=8284, stack(0x000000ccd1d00000,0x000000ccd1e00000)]
  0x000001fe5774b800 JavaThread "build event listener" [_thread_blocked, id=4384, stack(0x000000ccd1e00000,0x000000ccd1f00000)]
  0x000001fe57752800 JavaThread "pool-6-thread-1" [_thread_blocked, id=8916, stack(0x000000ccd1f00000,0x000000ccd2000000)]
  0x000001fe5774d800 JavaThread "build event listener" [_thread_blocked, id=5612, stack(0x000000ccd0600000,0x000000ccd0700000)]
  0x000001fe5774c800 JavaThread "included builds" [_thread_blocked, id=7412, stack(0x000000ccd2300000,0x000000ccd2400000)]
  0x000001fe57759000 JavaThread "Execution worker" [_thread_blocked, id=9016, stack(0x000000ccd2500000,0x000000ccd2600000)]
  0x000001fe57754000 JavaThread "Execution worker Thread 2" [_thread_blocked, id=2816, stack(0x000000ccd2600000,0x000000ccd2700000)]
  0x000001fe57758000 JavaThread "Execution worker Thread 3" [_thread_in_Java, id=6336, stack(0x000000ccd2700000,0x000000ccd2800000)]
  0x000001fe57753000 JavaThread "Cache worker for execution history cache (C:\Users\Isahs\Documents\Android_Studio\calendar\.gradle\7.5\executionHistory)" [_thread_blocked, id=11208, stack(0x000000ccd2800000,0x000000ccd2900000)]
  0x000001fe57755800 JavaThread "WorkerExecutor Queue" [_thread_blocked, id=7504, stack(0x000000ccd2a00000,0x000000ccd2b00000)]
  0x000001fe57756800 JavaThread "WorkerExecutor Queue Thread 3" [_thread_blocked, id=7184, stack(0x000000ccd2c00000,0x000000ccd2d00000)]
  0x000001fe57754800 JavaThread "WorkerExecutor Queue Thread 4" [_thread_blocked, id=6788, stack(0x000000ccd2d00000,0x000000ccd2e00000)]
  0x000001fe57757000 JavaThread "Java2D Disposer" daemon [_thread_blocked, id=9844, stack(0x000000ccd3100000,0x000000ccd3200000)]
  0x000001fe50da3000 JavaThread "WorkerExecutor Queue Thread 5" [_thread_blocked, id=3644, stack(0x000000ccd2900000,0x000000ccd2a00000)]
  0x000001fe4cd89800 JavaThread "C2 CompilerThread1" daemon [_thread_in_native, id=1332, stack(0x000000ccd2b00000,0x000000ccd2c00000)]

Other Threads:
  0x000001fe4cd59800 VMThread "VM Thread" [stack: 0x000000ccccf00000,0x000000cccd000000] [id=9328]
  0x000001fe4d85e000 WatcherThread [stack: 0x000000cccd900000,0x000000cccda00000] [id=2540]
  0x000001fe33160800 GCTaskThread "GC Thread#0" [stack: 0x000000cccca00000,0x000000ccccb00000] [id=5456]
  0x000001fe4dde6000 GCTaskThread "GC Thread#1" [stack: 0x000000cccdb00000,0x000000cccdc00000] [id=10800]
  0x000001fe4d915800 GCTaskThread "GC Thread#2" [stack: 0x000000cccdc00000,0x000000cccdd00000] [id=9184]
  0x000001fe506f6000 GCTaskThread "GC Thread#3" [stack: 0x000000ccce600000,0x000000ccce700000] [id=9224]
  0x000001fe33193000 ConcurrentGCThread "G1 Main Marker" [stack: 0x000000ccccb00000,0x000000ccccc00000] [id=688]
  0x000001fe33194800 ConcurrentGCThread "G1 Conc#0" [stack: 0x000000ccccc00000,0x000000ccccd00000] [id=10084]
  0x000001fe33213000 ConcurrentGCThread "G1 Refine#0" [stack: 0x000000ccccd00000,0x000000cccce00000] [id=9412]
  0x000001fe4cbb0800 ConcurrentGCThread "G1 Young RemSet Sampling" [stack: 0x000000cccce00000,0x000000ccccf00000] [id=9340]

Threads with active compile tasks:
C2 CompilerThread0  1055279 19148       4       org.gradle.internal.normalization.java.impl.ApiMemberWriter::writeMethodAnnotations (90 bytes)
C1 CompilerThread0  1055279 19163       3       kotlin.collections.MapsKt__MapWithDefaultKt::getOrImplicitDefaultNullable (90 bytes)
C2 CompilerThread1  1055279 19044       4       org.objectweb.asm.ClassReader::readCode (5109 bytes)

VM state:not at safepoint (normal execution)

VM Mutex/Monitor currently owned by a thread: None

Heap address: 0x0000000080000000, size: 2048 MB, Compressed Oops mode: 32-bit
Narrow klass base: 0x0000000000000000, Narrow klass shift: 3
Compressed class space size: 1073741824 Address: 0x0000000100000000

Heap:
 garbage-first heap   total 328704K, used 240749K [0x0000000080000000, 0x0000000100000000)
  region size 1024K, 22 young (22528K), 2 survivors (2048K)
 Metaspace       used 135200K, capacity 138860K, committed 138960K, reserved 1171456K
  class space    used 16576K, capacity 17890K, committed 17952K, reserved 1048576K
Heap Regions: E=young(eden), S=young(survivor), O=old, HS=humongous(starts), HC=humongous(continues), CS=collection set, F=free, A=archive, TAMS=top-at-mark-start (previous, next)
|   0|0x0000000080000000, 0x0000000080100000, 0x0000000080100000|100%|HS|  |TAMS 0x0000000080100000, 0x0000000080000000| Complete 
|   1|0x0000000080100000, 0x0000000080200000, 0x0000000080200000|100%|HC|  |TAMS 0x0000000080200000, 0x0000000080100000| Complete 
|   2|0x0000000080200000, 0x0000000080300000, 0x0000000080300000|100%|HC|  |TAMS 0x0000000080300000, 0x0000000080200000| Complete 
|   3|0x0000000080300000, 0x0000000080400000, 0x0000000080400000|100%| O|  |TAMS 0x0000000080400000, 0x0000000080300000| Untracked 
|   4|0x0000000080400000, 0x0000000080500000, 0x0000000080500000|100%| O|  |TAMS 0x0000000080500000, 0x0000000080400000| Untracked 
|   5|0x0000000080500000, 0x0000000080600000, 0x0000000080600000|100%| O|  |TAMS 0x0000000080600000, 0x0000000080500000| Untracked 
|   6|0x0000000080600000, 0x0000000080700000, 0x0000000080700000|100%| O|  |TAMS 0x0000000080700000, 0x0000000080600000| Untracked 
|   7|0x0000000080700000, 0x0000000080800000, 0x0000000080800000|100%| O|  |TAMS 0x0000000080800000, 0x0000000080700000| Untracked 
|   8|0x0000000080800000, 0x0000000080900000, 0x0000000080900000|100%| O|  |TAMS 0x0000000080900000, 0x0000000080800000| Untracked 
|   9|0x0000000080900000, 0x0000000080a00000, 0x0000000080a00000|100%| O|  |TAMS 0x0000000080a00000, 0x0000000080900000| Untracked 
|  10|0x0000000080a00000, 0x0000000080b00000, 0x0000000080b00000|100%| O|  |TAMS 0x0000000080b00000, 0x0000000080a00000| Untracked 
|  11|0x0000000080b00000, 0x0000000080c00000, 0x0000000080c00000|100%| O|  |TAMS 0x0000000080c00000, 0x0000000080b00000| Untracked 
|  12|0x0000000080c00000, 0x0000000080d00000, 0x0000000080d00000|100%| O|  |TAMS 0x0000000080d00000, 0x0000000080c00000| Untracked 
|  13|0x0000000080d00000, 0x0000000080e00000, 0x0000000080e00000|100%| O|  |TAMS 0x0000000080e00000, 0x0000000080d00000| Untracked 
|  14|0x0000000080e00000, 0x0000000080f00000, 0x0000000080f00000|100%| O|  |TAMS 0x0000000080f00000, 0x0000000080e00000| Untracked 
|  15|0x0000000080f00000, 0x0000000081000000, 0x0000000081000000|100%| O|  |TAMS 0x0000000081000000, 0x0000000080f00000| Untracked 
|  16|0x0000000081000000, 0x0000000081100000, 0x0000000081100000|100%| O|  |TAMS 0x0000000081100000, 0x0000000081000000| Untracked 
|  17|0x0000000081100000, 0x0000000081200000, 0x0000000081200000|100%|HS|  |TAMS 0x0000000081200000, 0x0000000081100000| Complete 
|  18|0x0000000081200000, 0x0000000081300000, 0x0000000081300000|100%|HC|  |TAMS 0x0000000081300000, 0x0000000081200000| Complete 
|  19|0x0000000081300000, 0x0000000081400000, 0x0000000081400000|100%|HS|  |TAMS 0x0000000081400000, 0x0000000081300000| Complete 
|  20|0x0000000081400000, 0x0000000081500000, 0x0000000081500000|100%|HC|  |TAMS 0x0000000081500000, 0x0000000081400000| Complete 
|  21|0x0000000081500000, 0x0000000081600000, 0x0000000081600000|100%|HC|  |TAMS 0x0000000081600000, 0x0000000081500000| Complete 
|  22|0x0000000081600000, 0x0000000081700000, 0x0000000081700000|100%|HS|  |TAMS 0x0000000081700000, 0x0000000081600000| Complete 
|  23|0x0000000081700000, 0x0000000081800000, 0x0000000081800000|100%|HC|  |TAMS 0x0000000081800000, 0x0000000081700000| Complete 
|  24|0x0000000081800000, 0x0000000081900000, 0x0000000081900000|100%|HC|  |TAMS 0x0000000081900000, 0x0000000081800000| Complete 
|  25|0x0000000081900000, 0x0000000081a00000, 0x0000000081a00000|100%|HS|  |TAMS 0x0000000081a00000, 0x0000000081900000| Complete 
|  26|0x0000000081a00000, 0x0000000081b00000, 0x0000000081b00000|100%|HC|  |TAMS 0x0000000081b00000, 0x0000000081a00000| Complete 
|  27|0x0000000081b00000, 0x0000000081c00000, 0x0000000081c00000|100%|HS|  |TAMS 0x0000000081c00000, 0x0000000081b00000| Complete 
|  28|0x0000000081c00000, 0x0000000081d00000, 0x0000000081d00000|100%|HC|  |TAMS 0x0000000081d00000, 0x0000000081c00000| Complete 
|  29|0x0000000081d00000, 0x0000000081e00000, 0x0000000081e00000|100%|HC|  |TAMS 0x0000000081e00000, 0x0000000081d00000| Complete 
|  30|0x0000000081e00000, 0x0000000081f00000, 0x0000000081f00000|100%|HC|  |TAMS 0x0000000081f00000, 0x0000000081e00000| Complete 
|  31|0x0000000081f00000, 0x0000000082000000, 0x0000000082000000|100%|HC|  |TAMS 0x0000000082000000, 0x0000000081f00000| Complete 
|  32|0x0000000082000000, 0x0000000082100000, 0x0000000082100000|100%|HC|  |TAMS 0x0000000082100000, 0x0000000082000000| Complete 
|  33|0x0000000082100000, 0x0000000082200000, 0x0000000082200000|100%|HC|  |TAMS 0x0000000082200000, 0x0000000082100000| Complete 
|  34|0x0000000082200000, 0x0000000082300000, 0x0000000082300000|100%|HC|  |TAMS 0x0000000082300000, 0x0000000082200000| Complete 
|  35|0x0000000082300000, 0x0000000082400000, 0x0000000082400000|100%|HC|  |TAMS 0x0000000082400000, 0x0000000082300000| Complete 
|  36|0x0000000082400000, 0x0000000082500000, 0x0000000082500000|100%|HC|  |TAMS 0x0000000082500000, 0x0000000082400000| Complete 
|  37|0x0000000082500000, 0x0000000082600000, 0x0000000082600000|100%|HS|  |TAMS 0x0000000082600000, 0x0000000082500000| Complete 
|  38|0x0000000082600000, 0x0000000082700000, 0x0000000082700000|100%|HC|  |TAMS 0x0000000082700000, 0x0000000082600000| Complete 
|  39|0x0000000082700000, 0x0000000082800000, 0x0000000082800000|100%|HS|  |TAMS 0x0000000082800000, 0x0000000082700000| Complete 
|  40|0x0000000082800000, 0x0000000082900000, 0x0000000082900000|100%|HC|  |TAMS 0x0000000082900000, 0x0000000082800000| Complete 
|  41|0x0000000082900000, 0x0000000082a00000, 0x0000000082a00000|100%|HC|  |TAMS 0x0000000082a00000, 0x0000000082900000| Complete 
|  42|0x0000000082a00000, 0x0000000082b00000, 0x0000000082b00000|100%|HC|  |TAMS 0x0000000082b00000, 0x0000000082a00000| Complete 
|  43|0x0000000082b00000, 0x0000000082c00000, 0x0000000082c00000|100%|HC|  |TAMS 0x0000000082c00000, 0x0000000082b00000| Complete 
|  44|0x0000000082c00000, 0x0000000082d00000, 0x0000000082d00000|100%| O|  |TAMS 0x0000000082d00000, 0x0000000082c00000| Untracked 
|  45|0x0000000082d00000, 0x0000000082e00000, 0x0000000082e00000|100%| O|  |TAMS 0x0000000082e00000, 0x0000000082d00000| Untracked 
|  46|0x0000000082e00000, 0x0000000082f00000, 0x0000000082f00000|100%| O|  |TAMS 0x0000000082f00000, 0x0000000082e00000| Untracked 
|  47|0x0000000082f00000, 0x0000000083000000, 0x0000000083000000|100%| O|  |TAMS 0x0000000083000000, 0x0000000082f00000| Untracked 
|  48|0x0000000083000000, 0x0000000083100000, 0x0000000083100000|100%| O|  |TAMS 0x0000000083100000, 0x0000000083000000| Untracked 
|  49|0x0000000083100000, 0x0000000083200000, 0x0000000083200000|100%| O|  |TAMS 0x0000000083200000, 0x0000000083100000| Untracked 
|  50|0x0000000083200000, 0x0000000083300000, 0x0000000083300000|100%| O|  |TAMS 0x0000000083300000, 0x0000000083200000| Untracked 
|  51|0x0000000083300000, 0x0000000083400000, 0x0000000083400000|100%|HS|  |TAMS 0x0000000083400000, 0x0000000083300000| Complete 
|  52|0x0000000083400000, 0x0000000083500000, 0x0000000083500000|100%|HC|  |TAMS 0x0000000083500000, 0x0000000083400000| Complete 
|  53|0x0000000083500000, 0x0000000083600000, 0x0000000083600000|100%|HC|  |TAMS 0x0000000083600000, 0x0000000083500000| Complete 
|  54|0x0000000083600000, 0x0000000083700000, 0x0000000083700000|100%|HC|  |TAMS 0x0000000083700000, 0x0000000083600000| Complete 
|  55|0x0000000083700000, 0x0000000083800000, 0x0000000083800000|100%|HC|  |TAMS 0x0000000083800000, 0x0000000083700000| Complete 
|  56|0x0000000083800000, 0x0000000083900000, 0x0000000083900000|100%|HC|  |TAMS 0x0000000083900000, 0x0000000083800000| Complete 
|  57|0x0000000083900000, 0x0000000083a00000, 0x0000000083a00000|100%|HC|  |TAMS 0x0000000083a00000, 0x0000000083900000| Complete 
|  58|0x0000000083a00000, 0x0000000083b00000, 0x0000000083b00000|100%|HC|  |TAMS 0x0000000083b00000, 0x0000000083a00000| Complete 
|  59|0x0000000083b00000, 0x0000000083c00000, 0x0000000083c00000|100%|HC|  |TAMS 0x0000000083c00000, 0x0000000083b00000| Complete 
|  60|0x0000000083c00000, 0x0000000083d00000, 0x0000000083d00000|100%|HC|  |TAMS 0x0000000083d00000, 0x0000000083c00000| Complete 
|  61|0x0000000083d00000, 0x0000000083e00000, 0x0000000083e00000|100%|HS|  |TAMS 0x0000000083e00000, 0x0000000083d00000| Complete 
|  62|0x0000000083e00000, 0x0000000083f00000, 0x0000000083f00000|100%|HC|  |TAMS 0x0000000083f00000, 0x0000000083e00000| Complete 
|  63|0x0000000083f00000, 0x0000000084000000, 0x0000000084000000|100%|HS|  |TAMS 0x0000000084000000, 0x0000000083f00000| Complete 
|  64|0x0000000084000000, 0x0000000084100000, 0x0000000084100000|100%|HC|  |TAMS 0x0000000084100000, 0x0000000084000000| Complete 
|  65|0x0000000084100000, 0x0000000084200000, 0x0000000084200000|100%|HC|  |TAMS 0x0000000084200000, 0x0000000084100000| Complete 
|  66|0x0000000084200000, 0x0000000084300000, 0x0000000084300000|100%|HS|  |TAMS 0x0000000084300000, 0x0000000084200000| Complete 
|  67|0x0000000084300000, 0x0000000084400000, 0x0000000084400000|100%|HC|  |TAMS 0x0000000084400000, 0x0000000084300000| Complete 
|  68|0x0000000084400000, 0x0000000084500000, 0x0000000084500000|100%| O|  |TAMS 0x0000000084500000, 0x0000000084400000| Untracked 
|  69|0x0000000084500000, 0x0000000084600000, 0x0000000084600000|100%| O|  |TAMS 0x0000000084600000, 0x0000000084500000| Untracked 
|  70|0x0000000084600000, 0x0000000084700000, 0x0000000084700000|100%| O|  |TAMS 0x0000000084700000, 0x0000000084600000| Untracked 
|  71|0x0000000084700000, 0x0000000084800000, 0x0000000084800000|100%| O|  |TAMS 0x0000000084800000, 0x0000000084700000| Untracked 
|  72|0x0000000084800000, 0x0000000084900000, 0x0000000084900000|100%| O|  |TAMS 0x0000000084900000, 0x0000000084800000| Untracked 
|  73|0x0000000084900000, 0x0000000084a00000, 0x0000000084a00000|100%| O|  |TAMS 0x0000000084a00000, 0x0000000084900000| Untracked 
|  74|0x0000000084a00000, 0x0000000084b00000, 0x0000000084b00000|100%|HS|  |TAMS 0x0000000084b00000, 0x0000000084a00000| Complete 
|  75|0x0000000084b00000, 0x0000000084c00000, 0x0000000084c00000|100%|HC|  |TAMS 0x0000000084c00000, 0x0000000084b00000| Complete 
|  76|0x0000000084c00000, 0x0000000084d00000, 0x0000000084d00000|100%|HC|  |TAMS 0x0000000084d00000, 0x0000000084c00000| Complete 
|  77|0x0000000084d00000, 0x0000000084e00000, 0x0000000084e00000|100%| O|  |TAMS 0x0000000084e00000, 0x0000000084d00000| Untracked 
|  78|0x0000000084e00000, 0x0000000084f00000, 0x0000000084f00000|100%| O|  |TAMS 0x0000000084f00000, 0x0000000084e00000| Untracked 
|  79|0x0000000084f00000, 0x0000000085000000, 0x0000000085000000|100%| O|  |TAMS 0x0000000085000000, 0x0000000084f00000| Untracked 
|  80|0x0000000085000000, 0x0000000085100000, 0x0000000085100000|100%| O|  |TAMS 0x0000000085100000, 0x0000000085000000| Untracked 
|  81|0x0000000085100000, 0x0000000085200000, 0x0000000085200000|100%|HS|  |TAMS 0x0000000085200000, 0x0000000085100000| Complete 
|  82|0x0000000085200000, 0x0000000085300000, 0x0000000085300000|100%|HC|  |TAMS 0x0000000085300000, 0x0000000085200000| Complete 
|  83|0x0000000085300000, 0x0000000085400000, 0x0000000085400000|100%|HC|  |TAMS 0x0000000085400000, 0x0000000085300000| Complete 
|  84|0x0000000085400000, 0x0000000085500000, 0x0000000085500000|100%|HC|  |TAMS 0x0000000085500000, 0x0000000085400000| Complete 
|  85|0x0000000085500000, 0x0000000085600000, 0x0000000085600000|100%|HC|  |TAMS 0x0000000085600000, 0x0000000085500000| Complete 
|  86|0x0000000085600000, 0x0000000085700000, 0x0000000085700000|100%| O|  |TAMS 0x0000000085700000, 0x0000000085600000| Untracked 
|  87|0x0000000085700000, 0x0000000085800000, 0x0000000085800000|100%| O|  |TAMS 0x0000000085800000, 0x0000000085700000| Untracked 
|  88|0x0000000085800000, 0x0000000085900000, 0x0000000085900000|100%| O|  |TAMS 0x0000000085900000, 0x0000000085800000| Untracked 
|  89|0x0000000085900000, 0x0000000085a00000, 0x0000000085a00000|100%| O|  |TAMS 0x0000000085a00000, 0x0000000085900000| Untracked 
|  90|0x0000000085a00000, 0x0000000085b00000, 0x0000000085b00000|100%| O|  |TAMS 0x0000000085b00000, 0x0000000085a00000| Untracked 
|  91|0x0000000085b00000, 0x0000000085c00000, 0x0000000085c00000|100%| O|  |TAMS 0x0000000085c00000, 0x0000000085b00000| Untracked 
|  92|0x0000000085c00000, 0x0000000085d00000, 0x0000000085d00000|100%| O|  |TAMS 0x0000000085d00000, 0x0000000085c00000| Untracked 
|  93|0x0000000085d00000, 0x0000000085e00000, 0x0000000085e00000|100%| O|  |TAMS 0x0000000085e00000, 0x0000000085d00000| Untracked 
|  94|0x0000000085e00000, 0x0000000085f00000, 0x0000000085f00000|100%|HS|  |TAMS 0x0000000085f00000, 0x0000000085e00000| Complete 
|  95|0x0000000085f00000, 0x0000000086000000, 0x0000000086000000|100%|HS|  |TAMS 0x0000000086000000, 0x0000000085f00000| Complete 
|  96|0x0000000086000000, 0x0000000086100000, 0x0000000086100000|100%|HC|  |TAMS 0x0000000086100000, 0x0000000086000000| Complete 
|  97|0x0000000086100000, 0x0000000086200000, 0x0000000086200000|100%| O|  |TAMS 0x0000000086200000, 0x0000000086100000| Untracked 
|  98|0x0000000086200000, 0x0000000086300000, 0x0000000086300000|100%| O|  |TAMS 0x0000000086300000, 0x0000000086200000| Untracked 
|  99|0x0000000086300000, 0x0000000086400000, 0x0000000086400000|100%|HS|  |TAMS 0x0000000086400000, 0x0000000086300000| Complete 
| 100|0x0000000086400000, 0x0000000086500000, 0x0000000086500000|100%|HS|  |TAMS 0x0000000086500000, 0x0000000086400000| Complete 
| 101|0x0000000086500000, 0x0000000086600000, 0x0000000086600000|100%|HC|  |TAMS 0x0000000086600000, 0x0000000086500000| Complete 
| 102|0x0000000086600000, 0x0000000086700000, 0x0000000086700000|100%|HC|  |TAMS 0x0000000086700000, 0x0000000086600000| Complete 
| 103|0x0000000086700000, 0x0000000086800000, 0x0000000086800000|100%|HC|  |TAMS 0x0000000086800000, 0x0000000086700000| Complete 
| 104|0x0000000086800000, 0x0000000086900000, 0x0000000086900000|100%| O|  |TAMS 0x0000000086900000, 0x0000000086800000| Untracked 
| 105|0x0000000086900000, 0x0000000086a00000, 0x0000000086a00000|100%| O|  |TAMS 0x0000000086a00000, 0x0000000086900000| Untracked 
| 106|0x0000000086a00000, 0x0000000086a00000, 0x0000000086b00000|  0%| F|  |TAMS 0x0000000086a00000, 0x0000000086a00000| Untracked 
| 107|0x0000000086b00000, 0x0000000086c00000, 0x0000000086c00000|100%| O|  |TAMS 0x0000000086c00000, 0x0000000086b00000| Untracked 
| 108|0x0000000086c00000, 0x0000000086c00000, 0x0000000086d00000|  0%| F|  |TAMS 0x0000000086c00000, 0x0000000086c00000| Untracked 
| 109|0x0000000086d00000, 0x0000000086e00000, 0x0000000086e00000|100%| O|  |TAMS 0x0000000086e00000, 0x0000000086d00000| Untracked 
| 110|0x0000000086e00000, 0x0000000086f00000, 0x0000000086f00000|100%| O|  |TAMS 0x0000000086f00000, 0x0000000086e00000| Untracked 
| 111|0x0000000086f00000, 0x0000000087000000, 0x0000000087000000|100%| O|  |TAMS 0x0000000087000000, 0x0000000086f00000| Untracked 
| 112|0x0000000087000000, 0x0000000087100000, 0x0000000087100000|100%| O|  |TAMS 0x0000000087100000, 0x0000000087000000| Untracked 
| 113|0x0000000087100000, 0x0000000087200000, 0x0000000087200000|100%| O|  |TAMS 0x0000000087200000, 0x0000000087100000| Untracked 
| 114|0x0000000087200000, 0x0000000087300000, 0x0000000087300000|100%| O|  |TAMS 0x0000000087300000, 0x0000000087200000| Untracked 
| 115|0x0000000087300000, 0x0000000087400000, 0x0000000087400000|100%| O|  |TAMS 0x0000000087400000, 0x0000000087300000| Untracked 
| 116|0x0000000087400000, 0x0000000087500000, 0x0000000087500000|100%| O|  |TAMS 0x0000000087500000, 0x0000000087400000| Untracked 
| 117|0x0000000087500000, 0x0000000087600000, 0x0000000087600000|100%| O|  |TAMS 0x0000000087600000, 0x0000000087500000| Untracked 
| 118|0x0000000087600000, 0x0000000087700000, 0x0000000087700000|100%| O|  |TAMS 0x0000000087700000, 0x0000000087600000| Untracked 
| 119|0x0000000087700000, 0x0000000087800000, 0x0000000087800000|100%| O|  |TAMS 0x0000000087800000, 0x0000000087700000| Untracked 
| 120|0x0000000087800000, 0x0000000087900000, 0x0000000087900000|100%| O|  |TAMS 0x0000000087900000, 0x0000000087800000| Untracked 
| 121|0x0000000087900000, 0x0000000087a00000, 0x0000000087a00000|100%| O|  |TAMS 0x0000000087a00000, 0x0000000087900000| Untracked 
| 122|0x0000000087a00000, 0x0000000087b00000, 0x0000000087b00000|100%| O|  |TAMS 0x0000000087b00000, 0x0000000087a00000| Untracked 
| 123|0x0000000087b00000, 0x0000000087c00000, 0x0000000087c00000|100%| O|  |TAMS 0x0000000087c00000, 0x0000000087b00000| Untracked 
| 124|0x0000000087c00000, 0x0000000087d00000, 0x0000000087d00000|100%| O|  |TAMS 0x0000000087d00000, 0x0000000087c00000| Untracked 
| 125|0x0000000087d00000, 0x0000000087e00000, 0x0000000087e00000|100%| O|  |TAMS 0x0000000087e00000, 0x0000000087d00000| Untracked 
| 126|0x0000000087e00000, 0x0000000087f00000, 0x0000000087f00000|100%| O|  |TAMS 0x0000000087f00000, 0x0000000087e00000| Untracked 
| 127|0x0000000087f00000, 0x0000000088000000, 0x0000000088000000|100%| O|  |TAMS 0x0000000088000000, 0x0000000087f00000| Untracked 
| 128|0x0000000088000000, 0x0000000088100000, 0x0000000088100000|100%| O|  |TAMS 0x0000000088100000, 0x0000000088000000| Untracked 
| 129|0x0000000088100000, 0x0000000088200000, 0x0000000088200000|100%| O|  |TAMS 0x0000000088200000, 0x0000000088100000| Untracked 
| 130|0x0000000088200000, 0x0000000088300000, 0x0000000088300000|100%| O|  |TAMS 0x0000000088300000, 0x0000000088200000| Untracked 
| 131|0x0000000088300000, 0x0000000088400000, 0x0000000088400000|100%| O|  |TAMS 0x0000000088400000, 0x0000000088300000| Untracked 
| 132|0x0000000088400000, 0x0000000088500000, 0x0000000088500000|100%| O|  |TAMS 0x0000000088500000, 0x0000000088400000| Untracked 
| 133|0x0000000088500000, 0x0000000088600000, 0x0000000088600000|100%|HS|  |TAMS 0x0000000088600000, 0x0000000088500000| Complete 
| 134|0x0000000088600000, 0x0000000088700000, 0x0000000088700000|100%|HC|  |TAMS 0x0000000088700000, 0x0000000088600000| Complete 
| 135|0x0000000088700000, 0x0000000088800000, 0x0000000088800000|100%|HS|  |TAMS 0x0000000088800000, 0x0000000088700000| Complete 
| 136|0x0000000088800000, 0x0000000088900000, 0x0000000088900000|100%|HC|  |TAMS 0x0000000088900000, 0x0000000088800000| Complete 
| 137|0x0000000088900000, 0x0000000088a00000, 0x0000000088a00000|100%|HC|  |TAMS 0x0000000088a00000, 0x0000000088900000| Complete 
| 138|0x0000000088a00000, 0x0000000088b00000, 0x0000000088b00000|100%|HS|  |TAMS 0x0000000088b00000, 0x0000000088a00000| Complete 
| 139|0x0000000088b00000, 0x0000000088c00000, 0x0000000088c00000|100%|HC|  |TAMS 0x0000000088c00000, 0x0000000088b00000| Complete 
| 140|0x0000000088c00000, 0x0000000088d00000, 0x0000000088d00000|100%|HC|  |TAMS 0x0000000088d00000, 0x0000000088c00000| Complete 
| 141|0x0000000088d00000, 0x0000000088e00000, 0x0000000088e00000|100%|HS|  |TAMS 0x0000000088e00000, 0x0000000088d00000| Complete 
| 142|0x0000000088e00000, 0x0000000088f00000, 0x0000000088f00000|100%|HC|  |TAMS 0x0000000088f00000, 0x0000000088e00000| Complete 
| 143|0x0000000088f00000, 0x0000000089000000, 0x0000000089000000|100%|HS|  |TAMS 0x0000000089000000, 0x0000000088f00000| Complete 
| 144|0x0000000089000000, 0x0000000089100000, 0x0000000089100000|100%|HC|  |TAMS 0x0000000089100000, 0x0000000089000000| Complete 
| 145|0x0000000089100000, 0x0000000089200000, 0x0000000089200000|100%|HC|  |TAMS 0x0000000089200000, 0x0000000089100000| Complete 
| 146|0x0000000089200000, 0x0000000089300000, 0x0000000089300000|100%|HC|  |TAMS 0x0000000089300000, 0x0000000089200000| Complete 
| 147|0x0000000089300000, 0x0000000089400000, 0x0000000089400000|100%|HC|  |TAMS 0x0000000089400000, 0x0000000089300000| Complete 
| 148|0x0000000089400000, 0x0000000089500000, 0x0000000089500000|100%|HC|  |TAMS 0x0000000089500000, 0x0000000089400000| Complete 
| 149|0x0000000089500000, 0x0000000089600000, 0x0000000089600000|100%|HC|  |TAMS 0x0000000089600000, 0x0000000089500000| Complete 
| 150|0x0000000089600000, 0x0000000089700000, 0x0000000089700000|100%|HC|  |TAMS 0x0000000089700000, 0x0000000089600000| Complete 
| 151|0x0000000089700000, 0x0000000089800000, 0x0000000089800000|100%|HC|  |TAMS 0x0000000089800000, 0x0000000089700000| Complete 
| 152|0x0000000089800000, 0x0000000089900000, 0x0000000089900000|100%|HC|  |TAMS 0x0000000089900000, 0x0000000089800000| Complete 
| 153|0x0000000089900000, 0x0000000089a00000, 0x0000000089a00000|100%|HS|  |TAMS 0x0000000089a00000, 0x0000000089900000| Complete 
| 154|0x0000000089a00000, 0x0000000089b00000, 0x0000000089b00000|100%|HC|  |TAMS 0x0000000089b00000, 0x0000000089a00000| Complete 
| 155|0x0000000089b00000, 0x0000000089c00000, 0x0000000089c00000|100%|HS|  |TAMS 0x0000000089c00000, 0x0000000089b00000| Complete 
| 156|0x0000000089c00000, 0x0000000089d00000, 0x0000000089d00000|100%|HC|  |TAMS 0x0000000089d00000, 0x0000000089c00000| Complete 
| 157|0x0000000089d00000, 0x0000000089e00000, 0x0000000089e00000|100%|HC|  |TAMS 0x0000000089e00000, 0x0000000089d00000| Complete 
| 158|0x0000000089e00000, 0x0000000089f00000, 0x0000000089f00000|100%|HC|  |TAMS 0x0000000089f00000, 0x0000000089e00000| Complete 
| 159|0x0000000089f00000, 0x000000008a000000, 0x000000008a000000|100%|HC|  |TAMS 0x000000008a000000, 0x0000000089f00000| Complete 
| 160|0x000000008a000000, 0x000000008a100000, 0x000000008a100000|100%| O|  |TAMS 0x000000008a100000, 0x000000008a000000| Untracked 
| 161|0x000000008a100000, 0x000000008a200000, 0x000000008a200000|100%| O|  |TAMS 0x000000008a200000, 0x000000008a100000| Untracked 
| 162|0x000000008a200000, 0x000000008a300000, 0x000000008a300000|100%| O|  |TAMS 0x000000008a300000, 0x000000008a200000| Untracked 
| 163|0x000000008a300000, 0x000000008a400000, 0x000000008a400000|100%| O|  |TAMS 0x000000008a400000, 0x000000008a300000| Untracked 
| 164|0x000000008a400000, 0x000000008a500000, 0x000000008a500000|100%| O|  |TAMS 0x000000008a500000, 0x000000008a400000| Untracked 
| 165|0x000000008a500000, 0x000000008a600000, 0x000000008a600000|100%| O|  |TAMS 0x000000008a600000, 0x000000008a500000| Untracked 
| 166|0x000000008a600000, 0x000000008a700000, 0x000000008a700000|100%| O|  |TAMS 0x000000008a700000, 0x000000008a600000| Untracked 
| 167|0x000000008a700000, 0x000000008a700000, 0x000000008a800000|  0%| F|  |TAMS 0x000000008a700000, 0x000000008a700000| Untracked 
| 168|0x000000008a800000, 0x000000008a900000, 0x000000008a900000|100%| O|  |TAMS 0x000000008a900000, 0x000000008a800000| Untracked 
| 169|0x000000008a900000, 0x000000008aa00000, 0x000000008aa00000|100%| O|  |TAMS 0x000000008aa00000, 0x000000008a900000| Untracked 
| 170|0x000000008aa00000, 0x000000008ab00000, 0x000000008ab00000|100%| O|  |TAMS 0x000000008ab00000, 0x000000008aa00000| Untracked 
| 171|0x000000008ab00000, 0x000000008ac00000, 0x000000008ac00000|100%| O|  |TAMS 0x000000008ac00000, 0x000000008ab00000| Untracked 
| 172|0x000000008ac00000, 0x000000008ad00000, 0x000000008ad00000|100%| O|  |TAMS 0x000000008ad00000, 0x000000008ac00000| Untracked 
| 173|0x000000008ad00000, 0x000000008ae00000, 0x000000008ae00000|100%| O|  |TAMS 0x000000008ae00000, 0x000000008ad00000| Untracked 
| 174|0x000000008ae00000, 0x000000008af00000, 0x000000008af00000|100%| O|  |TAMS 0x000000008af00000, 0x000000008ae00000| Untracked 
| 175|0x000000008af00000, 0x000000008b000000, 0x000000008b000000|100%| O|  |TAMS 0x000000008b000000, 0x000000008af00000| Untracked 
| 176|0x000000008b000000, 0x000000008b100000, 0x000000008b100000|100%| O|  |TAMS 0x000000008b100000, 0x000000008b000000| Untracked 
| 177|0x000000008b100000, 0x000000008b200000, 0x000000008b200000|100%| O|  |TAMS 0x000000008b200000, 0x000000008b100000| Untracked 
| 178|0x000000008b200000, 0x000000008b300000, 0x000000008b300000|100%| O|  |TAMS 0x000000008b300000, 0x000000008b200000| Untracked 
| 179|0x000000008b300000, 0x000000008b400000, 0x000000008b400000|100%| O|  |TAMS 0x000000008b400000, 0x000000008b300000| Untracked 
| 180|0x000000008b400000, 0x000000008b500000, 0x000000008b500000|100%| O|  |TAMS 0x000000008b500000, 0x000000008b400000| Untracked 
| 181|0x000000008b500000, 0x000000008b600000, 0x000000008b600000|100%| O|  |TAMS 0x000000008b600000, 0x000000008b500000| Untracked 
| 182|0x000000008b600000, 0x000000008b700000, 0x000000008b700000|100%| O|  |TAMS 0x000000008b700000, 0x000000008b600000| Untracked 
| 183|0x000000008b700000, 0x000000008b800000, 0x000000008b800000|100%| O|  |TAMS 0x000000008b800000, 0x000000008b700000| Untracked 
| 184|0x000000008b800000, 0x000000008b900000, 0x000000008b900000|100%| O|  |TAMS 0x000000008b900000, 0x000000008b800000| Untracked 
| 185|0x000000008b900000, 0x000000008ba00000, 0x000000008ba00000|100%| O|  |TAMS 0x000000008ba00000, 0x000000008b900000| Untracked 
| 186|0x000000008ba00000, 0x000000008bb00000, 0x000000008bb00000|100%| O|  |TAMS 0x000000008bb00000, 0x000000008ba00000| Untracked 
| 187|0x000000008bb00000, 0x000000008bc00000, 0x000000008bc00000|100%| O|  |TAMS 0x000000008bc00000, 0x000000008bb00000| Untracked 
| 188|0x000000008bc00000, 0x000000008bd00000, 0x000000008bd00000|100%| O|  |TAMS 0x000000008bd00000, 0x000000008bc00000| Untracked 
| 189|0x000000008bd00000, 0x000000008be00000, 0x000000008be00000|100%| O|  |TAMS 0x000000008be00000, 0x000000008bd00000| Untracked 
| 190|0x000000008be00000, 0x000000008bf00000, 0x000000008bf00000|100%| O|  |TAMS 0x000000008bf00000, 0x000000008be00000| Untracked 
| 191|0x000000008bf00000, 0x000000008c000000, 0x000000008c000000|100%| O|  |TAMS 0x000000008c000000, 0x000000008bf00000| Untracked 
| 192|0x000000008c000000, 0x000000008c100000, 0x000000008c100000|100%| O|  |TAMS 0x000000008c100000, 0x000000008c000000| Untracked 
| 193|0x000000008c100000, 0x000000008c200000, 0x000000008c200000|100%| O|  |TAMS 0x000000008c200000, 0x000000008c100000| Untracked 
| 194|0x000000008c200000, 0x000000008c300000, 0x000000008c300000|100%| O|  |TAMS 0x000000008c300000, 0x000000008c200000| Untracked 
| 195|0x000000008c300000, 0x000000008c400000, 0x000000008c400000|100%| O|  |TAMS 0x000000008c400000, 0x000000008c300000| Untracked 
| 196|0x000000008c400000, 0x000000008c500000, 0x000000008c500000|100%| O|  |TAMS 0x000000008c500000, 0x000000008c400000| Untracked 
| 197|0x000000008c500000, 0x000000008c600000, 0x000000008c600000|100%| O|  |TAMS 0x000000008c600000, 0x000000008c500000| Untracked 
| 198|0x000000008c600000, 0x000000008c700000, 0x000000008c700000|100%| O|  |TAMS 0x000000008c700000, 0x000000008c600000| Untracked 
| 199|0x000000008c700000, 0x000000008c800000, 0x000000008c800000|100%| O|  |TAMS 0x000000008c800000, 0x000000008c700000| Untracked 
| 200|0x000000008c800000, 0x000000008c900000, 0x000000008c900000|100%| O|  |TAMS 0x000000008c900000, 0x000000008c800000| Untracked 
| 201|0x000000008c900000, 0x000000008ca00000, 0x000000008ca00000|100%| O|  |TAMS 0x000000008ca00000, 0x000000008c900000| Untracked 
| 202|0x000000008ca00000, 0x000000008cb00000, 0x000000008cb00000|100%| O|  |TAMS 0x000000008cb00000, 0x000000008ca00000| Untracked 
| 203|0x000000008cb00000, 0x000000008cc00000, 0x000000008cc00000|100%| O|  |TAMS 0x000000008cc00000, 0x000000008cb00000| Untracked 
| 204|0x000000008cc00000, 0x000000008cd00000, 0x000000008cd00000|100%| O|  |TAMS 0x000000008cd00000, 0x000000008cc00000| Untracked 
| 205|0x000000008cd00000, 0x000000008ce00000, 0x000000008ce00000|100%| O|  |TAMS 0x000000008ce00000, 0x000000008cd00000| Untracked 
| 206|0x000000008ce00000, 0x000000008cf00000, 0x000000008cf00000|100%| O|  |TAMS 0x000000008cf00000, 0x000000008ce00000| Untracked 
| 207|0x000000008cf00000, 0x000000008d000000, 0x000000008d000000|100%| O|  |TAMS 0x000000008d000000, 0x000000008cf00000| Untracked 
| 208|0x000000008d000000, 0x000000008d100000, 0x000000008d100000|100%|HS|  |TAMS 0x000000008d000000, 0x000000008d000000| Complete 
| 209|0x000000008d100000, 0x000000008d200000, 0x000000008d200000|100%|HC|  |TAMS 0x000000008d100000, 0x000000008d100000| Complete 
| 210|0x000000008d200000, 0x000000008d300000, 0x000000008d300000|100%| O|  |TAMS 0x000000008d300000, 0x000000008d200000| Untracked 
| 211|0x000000008d300000, 0x000000008d300000, 0x000000008d400000|  0%| F|  |TAMS 0x000000008d300000, 0x000000008d300000| Untracked 
| 212|0x000000008d400000, 0x000000008d500000, 0x000000008d500000|100%| O|  |TAMS 0x000000008d500000, 0x000000008d400000| Untracked 
| 213|0x000000008d500000, 0x000000008d600000, 0x000000008d600000|100%| O|  |TAMS 0x000000008d600000, 0x000000008d500000| Untracked 
| 214|0x000000008d600000, 0x000000008d700000, 0x000000008d700000|100%| O|  |TAMS 0x000000008d700000, 0x000000008d600000| Untracked 
| 215|0x000000008d700000, 0x000000008d704e00, 0x000000008d800000|  1%| O|  |TAMS 0x000000008d704e00, 0x000000008d700000| Untracked 
| 216|0x000000008d800000, 0x000000008d800000, 0x000000008d900000|  0%| F|  |TAMS 0x000000008d800000, 0x000000008d800000| Untracked 
| 217|0x000000008d900000, 0x000000008d900000, 0x000000008da00000|  0%| F|  |TAMS 0x000000008d900000, 0x000000008d900000| Untracked 
| 218|0x000000008da00000, 0x000000008da00000, 0x000000008db00000|  0%| F|  |TAMS 0x000000008da00000, 0x000000008da00000| Untracked 
| 219|0x000000008db00000, 0x000000008db00000, 0x000000008dc00000|  0%| F|  |TAMS 0x000000008db00000, 0x000000008db00000| Untracked 
| 220|0x000000008dc00000, 0x000000008dc00000, 0x000000008dd00000|  0%| F|  |TAMS 0x000000008dc00000, 0x000000008dc00000| Untracked 
| 221|0x000000008dd00000, 0x000000008dd00000, 0x000000008de00000|  0%| F|  |TAMS 0x000000008dd00000, 0x000000008dd00000| Untracked 
| 222|0x000000008de00000, 0x000000008de00000, 0x000000008df00000|  0%| F|  |TAMS 0x000000008de00000, 0x000000008de00000| Untracked 
| 223|0x000000008df00000, 0x000000008df00000, 0x000000008e000000|  0%| F|  |TAMS 0x000000008df00000, 0x000000008df00000| Untracked 
| 224|0x000000008e000000, 0x000000008e000000, 0x000000008e100000|  0%| F|  |TAMS 0x000000008e000000, 0x000000008e000000| Untracked 
| 225|0x000000008e100000, 0x000000008e100000, 0x000000008e200000|  0%| F|  |TAMS 0x000000008e100000, 0x000000008e100000| Untracked 
| 226|0x000000008e200000, 0x000000008e200000, 0x000000008e300000|  0%| F|  |TAMS 0x000000008e200000, 0x000000008e200000| Untracked 
| 227|0x000000008e300000, 0x000000008e300000, 0x000000008e400000|  0%| F|  |TAMS 0x000000008e300000, 0x000000008e300000| Untracked 
| 228|0x000000008e400000, 0x000000008e400000, 0x000000008e500000|  0%| F|  |TAMS 0x000000008e400000, 0x000000008e400000| Untracked 
| 229|0x000000008e500000, 0x000000008e500000, 0x000000008e600000|  0%| F|  |TAMS 0x000000008e500000, 0x000000008e500000| Untracked 
| 230|0x000000008e600000, 0x000000008e600000, 0x000000008e700000|  0%| F|  |TAMS 0x000000008e600000, 0x000000008e600000| Untracked 
| 231|0x000000008e700000, 0x000000008e800000, 0x000000008e800000|100%| O|  |TAMS 0x000000008e800000, 0x000000008e700000| Untracked 
| 232|0x000000008e800000, 0x000000008e800000, 0x000000008e900000|  0%| F|  |TAMS 0x000000008e800000, 0x000000008e800000| Untracked 
| 233|0x000000008e900000, 0x000000008e900000, 0x000000008ea00000|  0%| F|  |TAMS 0x000000008e900000, 0x000000008e900000| Untracked 
| 234|0x000000008ea00000, 0x000000008eb00000, 0x000000008eb00000|100%| O|  |TAMS 0x000000008eb00000, 0x000000008ea00000| Untracked 
| 235|0x000000008eb00000, 0x000000008eb00000, 0x000000008ec00000|  0%| F|  |TAMS 0x000000008eb00000, 0x000000008eb00000| Untracked 
| 236|0x000000008ec00000, 0x000000008ec00000, 0x000000008ed00000|  0%| F|  |TAMS 0x000000008ec00000, 0x000000008ec00000| Untracked 
| 237|0x000000008ed00000, 0x000000008ed00000, 0x000000008ee00000|  0%| F|  |TAMS 0x000000008ed00000, 0x000000008ed00000| Untracked 
| 238|0x000000008ee00000, 0x000000008ee00000, 0x000000008ef00000|  0%| F|  |TAMS 0x000000008ee00000, 0x000000008ee00000| Untracked 
| 239|0x000000008ef00000, 0x000000008ef00000, 0x000000008f000000|  0%| F|  |TAMS 0x000000008ef00000, 0x000000008ef00000| Untracked 
| 240|0x000000008f000000, 0x000000008f000000, 0x000000008f100000|  0%| F|  |TAMS 0x000000008f000000, 0x000000008f000000| Untracked 
| 241|0x000000008f100000, 0x000000008f100000, 0x000000008f200000|  0%| F|  |TAMS 0x000000008f100000, 0x000000008f100000| Untracked 
| 242|0x000000008f200000, 0x000000008f200000, 0x000000008f300000|  0%| F|  |TAMS 0x000000008f200000, 0x000000008f200000| Untracked 
| 243|0x000000008f300000, 0x000000008f300000, 0x000000008f400000|  0%| F|  |TAMS 0x000000008f300000, 0x000000008f300000| Untracked 
| 244|0x000000008f400000, 0x000000008f400000, 0x000000008f500000|  0%| F|  |TAMS 0x000000008f400000, 0x000000008f400000| Untracked 
| 245|0x000000008f500000, 0x000000008f500000, 0x000000008f600000|  0%| F|  |TAMS 0x000000008f500000, 0x000000008f500000| Untracked 
| 246|0x000000008f600000, 0x000000008f700000, 0x000000008f700000|100%| O|  |TAMS 0x000000008f700000, 0x000000008f600000| Untracked 
| 247|0x000000008f700000, 0x000000008f700000, 0x000000008f800000|  0%| F|  |TAMS 0x000000008f700000, 0x000000008f700000| Untracked 
| 248|0x000000008f800000, 0x000000008f800000, 0x000000008f900000|  0%| F|  |TAMS 0x000000008f800000, 0x000000008f800000| Untracked 
| 249|0x000000008f900000, 0x000000008fa00000, 0x000000008fa00000|100%| O|  |TAMS 0x000000008fa00000, 0x000000008f900000| Untracked 
| 250|0x000000008fa00000, 0x000000008fa00000, 0x000000008fb00000|  0%| F|  |TAMS 0x000000008fa00000, 0x000000008fa00000| Untracked 
| 251|0x000000008fb00000, 0x000000008fb00000, 0x000000008fc00000|  0%| F|  |TAMS 0x000000008fb00000, 0x000000008fb00000| Untracked 
| 252|0x000000008fc00000, 0x000000008fc00000, 0x000000008fd00000|  0%| F|  |TAMS 0x000000008fc00000, 0x000000008fc00000| Untracked 
| 253|0x000000008fd00000, 0x000000008fd00000, 0x000000008fe00000|  0%| F|  |TAMS 0x000000008fd00000, 0x000000008fd00000| Untracked 
| 254|0x000000008fe00000, 0x000000008fe00000, 0x000000008ff00000|  0%| F|  |TAMS 0x000000008fe00000, 0x000000008fe00000| Untracked 
| 255|0x000000008ff00000, 0x000000008ff00000, 0x0000000090000000|  0%| F|  |TAMS 0x000000008ff00000, 0x000000008ff00000| Untracked 
| 256|0x0000000090000000, 0x0000000090000000, 0x0000000090100000|  0%| F|  |TAMS 0x0000000090000000, 0x0000000090000000| Untracked 
| 257|0x0000000090100000, 0x0000000090100000, 0x0000000090200000|  0%| F|  |TAMS 0x0000000090100000, 0x0000000090100000| Untracked 
| 258|0x0000000090200000, 0x0000000090200000, 0x0000000090300000|  0%| F|  |TAMS 0x0000000090200000, 0x0000000090200000| Untracked 
| 259|0x0000000090300000, 0x0000000090300000, 0x0000000090400000|  0%| F|  |TAMS 0x0000000090300000, 0x0000000090300000| Untracked 
| 260|0x0000000090400000, 0x0000000090400000, 0x0000000090500000|  0%| F|  |TAMS 0x0000000090400000, 0x0000000090400000| Untracked 
| 261|0x0000000090500000, 0x0000000090500000, 0x0000000090600000|  0%| F|  |TAMS 0x0000000090500000, 0x0000000090500000| Untracked 
| 262|0x0000000090600000, 0x0000000090600000, 0x0000000090700000|  0%| F|  |TAMS 0x0000000090600000, 0x0000000090600000| Untracked 
| 263|0x0000000090700000, 0x0000000090700000, 0x0000000090800000|  0%| F|  |TAMS 0x0000000090700000, 0x0000000090700000| Untracked 
| 264|0x0000000090800000, 0x0000000090800000, 0x0000000090900000|  0%| F|  |TAMS 0x0000000090800000, 0x0000000090800000| Untracked 
| 265|0x0000000090900000, 0x0000000090900000, 0x0000000090a00000|  0%| F|  |TAMS 0x0000000090900000, 0x0000000090900000| Untracked 
| 266|0x0000000090a00000, 0x0000000090a00000, 0x0000000090b00000|  0%| F|  |TAMS 0x0000000090a00000, 0x0000000090a00000| Untracked 
| 267|0x0000000090b00000, 0x0000000090b00000, 0x0000000090c00000|  0%| F|  |TAMS 0x0000000090b00000, 0x0000000090b00000| Untracked 
| 268|0x0000000090c00000, 0x0000000090c00000, 0x0000000090d00000|  0%| F|  |TAMS 0x0000000090c00000, 0x0000000090c00000| Untracked 
| 269|0x0000000090d00000, 0x0000000090d00000, 0x0000000090e00000|  0%| F|  |TAMS 0x0000000090d00000, 0x0000000090d00000| Untracked 
| 270|0x0000000090e00000, 0x0000000090e00000, 0x0000000090f00000|  0%| F|  |TAMS 0x0000000090e00000, 0x0000000090e00000| Untracked 
| 271|0x0000000090f00000, 0x0000000090f00000, 0x0000000091000000|  0%| F|  |TAMS 0x0000000090f00000, 0x0000000090f00000| Untracked 
| 272|0x0000000091000000, 0x0000000091000000, 0x0000000091100000|  0%| F|  |TAMS 0x0000000091000000, 0x0000000091000000| Untracked 
| 273|0x0000000091100000, 0x0000000091100000, 0x0000000091200000|  0%| F|  |TAMS 0x0000000091100000, 0x0000000091100000| Untracked 
| 274|0x0000000091200000, 0x0000000091200000, 0x0000000091300000|  0%| F|  |TAMS 0x0000000091200000, 0x0000000091200000| Untracked 
| 275|0x0000000091300000, 0x0000000091300000, 0x0000000091400000|  0%| F|  |TAMS 0x0000000091300000, 0x0000000091300000| Untracked 
| 276|0x0000000091400000, 0x0000000091400000, 0x0000000091500000|  0%| F|  |TAMS 0x0000000091400000, 0x0000000091400000| Untracked 
| 277|0x0000000091500000, 0x0000000091500000, 0x0000000091600000|  0%| F|  |TAMS 0x0000000091500000, 0x0000000091500000| Untracked 
| 278|0x0000000091600000, 0x0000000091616680, 0x0000000091700000|  8%| S|CS|TAMS 0x0000000091600000, 0x0000000091600000| Complete 
| 279|0x0000000091700000, 0x0000000091800000, 0x0000000091800000|100%| S|CS|TAMS 0x0000000091700000, 0x0000000091700000| Complete 
| 280|0x0000000091800000, 0x0000000091800000, 0x0000000091900000|  0%| F|  |TAMS 0x0000000091800000, 0x0000000091800000| Untracked 
| 281|0x0000000091900000, 0x0000000091900000, 0x0000000091a00000|  0%| F|  |TAMS 0x0000000091900000, 0x0000000091900000| Untracked 
| 282|0x0000000091a00000, 0x0000000091a00000, 0x0000000091b00000|  0%| F|  |TAMS 0x0000000091a00000, 0x0000000091a00000| Untracked 
| 283|0x0000000091b00000, 0x0000000091b00000, 0x0000000091c00000|  0%| F|  |TAMS 0x0000000091b00000, 0x0000000091b00000| Untracked 
| 284|0x0000000091c00000, 0x0000000091c00000, 0x0000000091d00000|  0%| F|  |TAMS 0x0000000091c00000, 0x0000000091c00000| Untracked 
| 285|0x0000000091d00000, 0x0000000091d00000, 0x0000000091e00000|  0%| F|  |TAMS 0x0000000091d00000, 0x0000000091d00000| Untracked 
| 286|0x0000000091e00000, 0x0000000091e00000, 0x0000000091f00000|  0%| F|  |TAMS 0x0000000091e00000, 0x0000000091e00000| Untracked 
| 287|0x0000000091f00000, 0x0000000091f00000, 0x0000000092000000|  0%| F|  |TAMS 0x0000000091f00000, 0x0000000091f00000| Untracked 
| 288|0x0000000092000000, 0x0000000092000000, 0x0000000092100000|  0%| F|  |TAMS 0x0000000092000000, 0x0000000092000000| Untracked 
| 289|0x0000000092100000, 0x0000000092100000, 0x0000000092200000|  0%| F|  |TAMS 0x0000000092100000, 0x0000000092100000| Untracked 
| 290|0x0000000092200000, 0x0000000092200000, 0x0000000092300000|  0%| F|  |TAMS 0x0000000092200000, 0x0000000092200000| Untracked 
| 291|0x0000000092300000, 0x0000000092300000, 0x0000000092400000|  0%| F|  |TAMS 0x0000000092300000, 0x0000000092300000| Untracked 
| 292|0x0000000092400000, 0x0000000092400000, 0x0000000092500000|  0%| F|  |TAMS 0x0000000092400000, 0x0000000092400000| Untracked 
| 293|0x0000000092500000, 0x0000000092500000, 0x0000000092600000|  0%| F|  |TAMS 0x0000000092500000, 0x0000000092500000| Untracked 
| 294|0x0000000092600000, 0x0000000092600000, 0x0000000092700000|  0%| F|  |TAMS 0x0000000092600000, 0x0000000092600000| Untracked 
| 295|0x0000000092700000, 0x0000000092700000, 0x0000000092800000|  0%| F|  |TAMS 0x0000000092700000, 0x0000000092700000| Untracked 
| 296|0x0000000092800000, 0x0000000092800000, 0x0000000092900000|  0%| F|  |TAMS 0x0000000092800000, 0x0000000092800000| Untracked 
| 297|0x0000000092900000, 0x0000000092900000, 0x0000000092a00000|  0%| F|  |TAMS 0x0000000092900000, 0x0000000092900000| Untracked 
| 298|0x0000000092a00000, 0x0000000092a00000, 0x0000000092b00000|  0%| F|  |TAMS 0x0000000092a00000, 0x0000000092a00000| Untracked 
| 299|0x0000000092b00000, 0x0000000092b46fe8, 0x0000000092c00000| 27%| E|  |TAMS 0x0000000092b00000, 0x0000000092b00000| Complete 
| 300|0x0000000092c00000, 0x0000000092d00000, 0x0000000092d00000|100%| E|CS|TAMS 0x0000000092c00000, 0x0000000092c00000| Complete 
| 301|0x0000000092d00000, 0x0000000092e00000, 0x0000000092e00000|100%| E|CS|TAMS 0x0000000092d00000, 0x0000000092d00000| Complete 
| 302|0x0000000092e00000, 0x0000000092f00000, 0x0000000092f00000|100%| E|CS|TAMS 0x0000000092e00000, 0x0000000092e00000| Complete 
| 303|0x0000000092f00000, 0x0000000093000000, 0x0000000093000000|100%| E|CS|TAMS 0x0000000092f00000, 0x0000000092f00000| Complete 
| 304|0x0000000093000000, 0x0000000093100000, 0x0000000093100000|100%| E|CS|TAMS 0x0000000093000000, 0x0000000093000000| Complete 
| 305|0x0000000093100000, 0x0000000093200000, 0x0000000093200000|100%| E|CS|TAMS 0x0000000093100000, 0x0000000093100000| Complete 
| 306|0x0000000093200000, 0x0000000093300000, 0x0000000093300000|100%| E|CS|TAMS 0x0000000093200000, 0x0000000093200000| Complete 
| 307|0x0000000093300000, 0x0000000093400000, 0x0000000093400000|100%| E|CS|TAMS 0x0000000093300000, 0x0000000093300000| Complete 
| 308|0x0000000093400000, 0x0000000093500000, 0x0000000093500000|100%| E|CS|TAMS 0x0000000093400000, 0x0000000093400000| Complete 
| 309|0x0000000093500000, 0x0000000093600000, 0x0000000093600000|100%| E|CS|TAMS 0x0000000093500000, 0x0000000093500000| Complete 
| 310|0x0000000093600000, 0x0000000093700000, 0x0000000093700000|100%| E|CS|TAMS 0x0000000093600000, 0x0000000093600000| Complete 
| 311|0x0000000093700000, 0x0000000093800000, 0x0000000093800000|100%| E|CS|TAMS 0x0000000093700000, 0x0000000093700000| Complete 
| 312|0x0000000093800000, 0x0000000093900000, 0x0000000093900000|100%| E|CS|TAMS 0x0000000093800000, 0x0000000093800000| Complete 
| 313|0x0000000093900000, 0x0000000093a00000, 0x0000000093a00000|100%| E|CS|TAMS 0x0000000093900000, 0x0000000093900000| Complete 
| 314|0x0000000093a00000, 0x0000000093b00000, 0x0000000093b00000|100%| E|CS|TAMS 0x0000000093a00000, 0x0000000093a00000| Complete 
| 315|0x0000000093b00000, 0x0000000093c00000, 0x0000000093c00000|100%| E|CS|TAMS 0x0000000093b00000, 0x0000000093b00000| Complete 
| 316|0x0000000093c00000, 0x0000000093d00000, 0x0000000093d00000|100%| E|CS|TAMS 0x0000000093c00000, 0x0000000093c00000| Complete 
| 317|0x0000000093d00000, 0x0000000093e00000, 0x0000000093e00000|100%| E|CS|TAMS 0x0000000093d00000, 0x0000000093d00000| Complete 
| 318|0x0000000093e00000, 0x0000000093f00000, 0x0000000093f00000|100%| E|CS|TAMS 0x0000000093e00000, 0x0000000093e00000| Complete 
| 319|0x0000000093f00000, 0x0000000094000000, 0x0000000094000000|100%| E|CS|TAMS 0x0000000093f00000, 0x0000000093f00000| Complete 
| 320|0x0000000094000000, 0x0000000094100000, 0x0000000094100000|100%| E|CS|TAMS 0x0000000094000000, 0x0000000094000000| Complete 

Card table byte_map: [0x000001fe46070000,0x000001fe46470000] _byte_map_base: 0x000001fe45c70000

Marking Bits (Prev, Next): (CMBitMap*) 0x000001fe3318a6c0, (CMBitMap*) 0x000001fe3318a688
 Prev Bits: [0x000001fe48870000, 0x000001fe4a870000)
 Next Bits: [0x000001fe46870000, 0x000001fe48870000)

Polling page: 0x000001fe31110000

Metaspace:

Usage:
  Non-class:    118.13 MB capacity,   115.84 MB ( 98%) used,     1.87 MB (  2%) free+waste,   426.50 KB ( <1%) overhead. 
      Class:     17.47 MB capacity,    16.19 MB ( 93%) used,     1.10 MB (  6%) free+waste,   187.12 KB (  1%) overhead. 
       Both:    135.61 MB capacity,   132.03 MB ( 97%) used,     2.97 MB (  2%) free+waste,   613.62 KB ( <1%) overhead. 

Virtual space:
  Non-class space:      120.00 MB reserved,     118.17 MB ( 98%) committed 
      Class space:        1.00 GB reserved,      17.53 MB (  2%) committed 
             Both:        1.12 GB reserved,     135.70 MB ( 12%) committed 

Chunk freelists:
   Non-Class:  38.00 KB
       Class:  0 bytes
        Both:  38.00 KB

MaxMetaspaceSize: 17179869184.00 GB
CompressedClassSpaceSize: 1.00 GB
Initial GC threshold: 20.80 MB
Current GC threshold: 226.17 MB
CDS: off

CodeHeap 'non-profiled nmethods': size=120064Kb used=12587Kb max_used=12587Kb free=107476Kb
 bounds [0x000001fe3e730000, 0x000001fe3f380000, 0x000001fe45c70000]
CodeHeap 'profiled nmethods': size=120000Kb used=41219Kb max_used=41219Kb free=78780Kb
 bounds [0x000001fe37200000, 0x000001fe39a50000, 0x000001fe3e730000]
CodeHeap 'non-nmethods': size=5696Kb used=2562Kb max_used=2613Kb free=3133Kb
 bounds [0x000001fe36c70000, 0x000001fe36f10000, 0x000001fe37200000]
 total_blobs=19320 nmethods=18194 adapters=1037
 compilation: enabled
              stopped_count=0, restarted_count=0
 full_count=0

Compilation events (20 events):
Event: 1054.383 Thread 0x000001fe4cd81800 nmethod 19155 0x000001fe39a42c90 code [0x000001fe39a42e40, 0x000001fe39a43028]
Event: 1054.503 Thread 0x000001fe4cd7f800 nmethod 19118 0x000001fe3f372c10 code [0x000001fe3f373200, 0x000001fe3f376c68]
Event: 1054.503 Thread 0x000001fe4cd7f800 19140       4       org.objectweb.asm.MethodVisitor::visitInsn (16 bytes)
Event: 1054.510 Thread 0x000001fe4cd7f800 nmethod 19140 0x000001fe3f379810 code [0x000001fe3f3799e0, 0x000001fe3f379ca8]
Event: 1054.510 Thread 0x000001fe4cd7f800 19156       4       org.objectweb.asm.MethodVisitor::visitVarInsn (17 bytes)
Event: 1054.530 Thread 0x000001fe4cd7f800 nmethod 19156 0x000001fe3f379f90 code [0x000001fe3f37a180, 0x000001fe3f37a7c8]
Event: 1054.530 Thread 0x000001fe4cd7f800 19148       4       org.gradle.internal.normalization.java.impl.ApiMemberWriter::writeMethodAnnotations (90 bytes)
Event: 1054.796 Thread 0x000001fe4cd81800 19157       3       java.nio.charset.CharsetDecoder::onMalformedInput (26 bytes)
Event: 1054.797 Thread 0x000001fe4cd81800 nmethod 19157 0x000001fe39a43110 code [0x000001fe39a432e0, 0x000001fe39a43628]
Event: 1054.797 Thread 0x000001fe4cd81800 19158       3       java.nio.charset.CharsetDecoder::implOnMalformedInput (1 bytes)
Event: 1054.797 Thread 0x000001fe4cd81800 nmethod 19158 0x000001fe39a43710 code [0x000001fe39a438c0, 0x000001fe39a439b8]
Event: 1054.797 Thread 0x000001fe4cd81800 19159       3       java.nio.charset.CharsetDecoder::onUnmappableCharacter (26 bytes)
Event: 1054.798 Thread 0x000001fe4cd81800 nmethod 19159 0x000001fe39a43a90 code [0x000001fe39a43c60, 0x000001fe39a43fa8]
Event: 1054.798 Thread 0x000001fe4cd81800 19160       3       java.nio.charset.CharsetDecoder::implOnUnmappableCharacter (1 bytes)
Event: 1054.798 Thread 0x000001fe4cd81800 nmethod 19160 0x000001fe39a44090 code [0x000001fe39a44240, 0x000001fe39a44338]
Event: 1054.801 Thread 0x000001fe4cd81800 19161   !   3       kotlin.io.CloseableKt::closeFinally (35 bytes)
Event: 1054.802 Thread 0x000001fe4cd81800 nmethod 19161 0x000001fe39a44410 code [0x000001fe39a44600, 0x000001fe39a44968]
Event: 1054.802 Thread 0x000001fe4cd81800 19162       3       kotlin.collections.MapsKt__MapsKt::getValue (12 bytes)
Event: 1054.803 Thread 0x000001fe4cd81800 nmethod 19162 0x000001fe39a44a90 code [0x000001fe39a44cc0, 0x000001fe39a45268]
Event: 1054.803 Thread 0x000001fe4cd81800 19163       3       kotlin.collections.MapsKt__MapWithDefaultKt::getOrImplicitDefaultNullable (90 bytes)

GC Heap History (20 events):
Event: 1044.176 GC heap before
{Heap before GC invocations=97 (full 0):
 garbage-first heap   total 328704K, used 269635K [0x0000000080000000, 0x0000000100000000)
  region size 1024K, 22 young (22528K), 3 survivors (3072K)
 Metaspace       used 129348K, capacity 132826K, committed 133072K, reserved 1165312K
  class space    used 16030K, capacity 17339K, committed 17440K, reserved 1048576K
}
Event: 1044.187 GC heap after
{Heap after GC invocations=98 (full 0):
 garbage-first heap   total 328704K, used 254875K [0x0000000080000000, 0x0000000100000000)
  region size 1024K, 3 young (3072K), 3 survivors (3072K)
 Metaspace       used 129348K, capacity 132826K, committed 133072K, reserved 1165312K
  class space    used 16030K, capacity 17339K, committed 17440K, reserved 1048576K
}
Event: 1045.094 GC heap before
{Heap before GC invocations=98 (full 0):
 garbage-first heap   total 328704K, used 268187K [0x0000000080000000, 0x0000000100000000)
  region size 1024K, 16 young (16384K), 3 survivors (3072K)
 Metaspace       used 131269K, capacity 134842K, committed 134992K, reserved 1167360K
  class space    used 16198K, capacity 17499K, committed 17568K, reserved 1048576K
}
Event: 1045.118 GC heap after
{Heap after GC invocations=99 (full 0):
 garbage-first heap   total 328704K, used 253576K [0x0000000080000000, 0x0000000100000000)
  region size 1024K, 2 young (2048K), 2 survivors (2048K)
 Metaspace       used 131269K, capacity 134842K, committed 134992K, reserved 1167360K
  class space    used 16198K, capacity 17499K, committed 17568K, reserved 1048576K
}
Event: 1045.493 GC heap before
{Heap before GC invocations=99 (full 0):
 garbage-first heap   total 328704K, used 274056K [0x0000000080000000, 0x0000000100000000)
  region size 1024K, 22 young (22528K), 2 survivors (2048K)
 Metaspace       used 131539K, capacity 135106K, committed 135248K, reserved 1167360K
  class space    used 16209K, capacity 17499K, committed 17568K, reserved 1048576K
}
Event: 1045.503 GC heap after
{Heap after GC invocations=100 (full 0):
 garbage-first heap   total 328704K, used 256605K [0x0000000080000000, 0x0000000100000000)
  region size 1024K, 3 young (3072K), 3 survivors (3072K)
 Metaspace       used 131539K, capacity 135106K, committed 135248K, reserved 1167360K
  class space    used 16209K, capacity 17499K, committed 17568K, reserved 1048576K
}
Event: 1045.833 GC heap before
{Heap before GC invocations=100 (full 0):
 garbage-first heap   total 328704K, used 277085K [0x0000000080000000, 0x0000000100000000)
  region size 1024K, 23 young (23552K), 3 survivors (3072K)
 Metaspace       used 132014K, capacity 135586K, committed 135760K, reserved 1167360K
  class space    used 16245K, capacity 17531K, committed 17568K, reserved 1048576K
}
Event: 1045.844 GC heap after
{Heap after GC invocations=101 (full 0):
 garbage-first heap   total 328704K, used 261568K [0x0000000080000000, 0x0000000100000000)
  region size 1024K, 3 young (3072K), 3 survivors (3072K)
 Metaspace       used 132014K, capacity 135586K, committed 135760K, reserved 1167360K
  class space    used 16245K, capacity 17531K, committed 17568K, reserved 1048576K
}
Event: 1046.222 GC heap before
{Heap before GC invocations=102 (full 0):
 garbage-first heap   total 328704K, used 260544K [0x0000000080000000, 0x0000000100000000)
  region size 1024K, 21 young (21504K), 3 survivors (3072K)
 Metaspace       used 132056K, capacity 135567K, committed 135760K, reserved 1167360K
  class space    used 16243K, capacity 17526K, committed 17568K, reserved 1048576K
}
Event: 1046.230 GC heap after
{Heap after GC invocations=103 (full 0):
 garbage-first heap   total 328704K, used 242658K [0x0000000080000000, 0x0000000100000000)
  region size 1024K, 2 young (2048K), 2 survivors (2048K)
 Metaspace       used 132056K, capacity 135567K, committed 135760K, reserved 1167360K
  class space    used 16243K, capacity 17526K, committed 17568K, reserved 1048576K
}
Event: 1046.340 GC heap before
{Heap before GC invocations=103 (full 0):
 garbage-first heap   total 328704K, used 256994K [0x0000000080000000, 0x0000000100000000)
  region size 1024K, 16 young (16384K), 2 survivors (2048K)
 Metaspace       used 132072K, capacity 135631K, committed 135760K, reserved 1167360K
  class space    used 16243K, capacity 17526K, committed 17568K, reserved 1048576K
}
Event: 1046.352 GC heap after
{Heap after GC invocations=104 (full 0):
 garbage-first heap   total 328704K, used 228483K [0x0000000080000000, 0x0000000100000000)
  region size 1024K, 1 young (1024K), 1 survivors (1024K)
 Metaspace       used 132072K, capacity 135631K, committed 135760K, reserved 1167360K
  class space    used 16243K, capacity 17526K, committed 17568K, reserved 1048576K
}
Event: 1047.894 GC heap before
{Heap before GC invocations=104 (full 0):
 garbage-first heap   total 328704K, used 264323K [0x0000000080000000, 0x0000000100000000)
  region size 1024K, 37 young (37888K), 1 survivors (1024K)
 Metaspace       used 133527K, capacity 137135K, committed 137296K, reserved 1169408K
  class space    used 16415K, capacity 17720K, committed 17824K, reserved 1048576K
}
Event: 1047.901 GC heap after
{Heap after GC invocations=105 (full 0):
 garbage-first heap   total 328704K, used 229196K [0x0000000080000000, 0x0000000100000000)
  region size 1024K, 2 young (2048K), 2 survivors (2048K)
 Metaspace       used 133527K, capacity 137135K, committed 137296K, reserved 1169408K
  class space    used 16415K, capacity 17720K, committed 17824K, reserved 1048576K
}
Event: 1052.414 GC heap before
{Heap before GC invocations=106 (full 0):
 garbage-first heap   total 328704K, used 266060K [0x0000000080000000, 0x0000000100000000)
  region size 1024K, 40 young (40960K), 2 survivors (2048K)
 Metaspace       used 134880K, capacity 138513K, committed 138704K, reserved 1169408K
  class space    used 16544K, capacity 17885K, committed 17952K, reserved 1048576K
}
Event: 1052.425 GC heap after
{Heap after GC invocations=107 (full 0):
 garbage-first heap   total 328704K, used 230911K [0x0000000080000000, 0x0000000100000000)
  region size 1024K, 4 young (4096K), 4 survivors (4096K)
 Metaspace       used 134880K, capacity 138513K, committed 138704K, reserved 1169408K
  class space    used 16544K, capacity 17885K, committed 17952K, reserved 1048576K
}
Event: 1053.302 GC heap before
{Heap before GC invocations=107 (full 0):
 garbage-first heap   total 328704K, used 242175K [0x0000000080000000, 0x0000000100000000)
  region size 1024K, 16 young (16384K), 4 survivors (4096K)
 Metaspace       used 134891K, capacity 138515K, committed 138704K, reserved 1169408K
  class space    used 16544K, capacity 17885K, committed 17952K, reserved 1048576K
}
Event: 1053.317 GC heap after
{Heap after GC invocations=108 (full 0):
 garbage-first heap   total 328704K, used 218927K [0x0000000080000000, 0x0000000100000000)
  region size 1024K, 1 young (1024K), 1 survivors (1024K)
 Metaspace       used 134891K, capacity 138515K, committed 138704K, reserved 1169408K
  class space    used 16544K, capacity 17885K, committed 17952K, reserved 1048576K
}
Event: 1053.606 GC heap before
{Heap before GC invocations=108 (full 0):
 garbage-first heap   total 328704K, used 221999K [0x0000000080000000, 0x0000000100000000)
  region size 1024K, 5 young (5120K), 1 survivors (1024K)
 Metaspace       used 134965K, capacity 138593K, committed 138704K, reserved 1169408K
  class space    used 16552K, capacity 17887K, committed 17952K, reserved 1048576K
}
Event: 1053.612 GC heap after
{Heap after GC invocations=109 (full 0):
 garbage-first heap   total 328704K, used 219080K [0x0000000080000000, 0x0000000100000000)
  region size 1024K, 1 young (1024K), 1 survivors (1024K)
 Metaspace       used 134965K, capacity 138593K, committed 138704K, reserved 1169408K
  class space    used 16552K, capacity 17887K, committed 17952K, reserved 1048576K
}

Deoptimization events (20 events):
Event: 1053.718 Thread 0x000001fe57758000 Uncommon trap: trap_request=0xffffff4d fr.pc=0x000001fe3edb1db0 relative=0x00000000000001d0
Event: 1053.719 Thread 0x000001fe57758000 Uncommon trap: reason=unstable_if action=reinterpret pc=0x000001fe3edb1db0 method=org.objectweb.asm.MethodWriter.visitInsn(I)V @ 100 c2
Event: 1053.719 Thread 0x000001fe57758000 DEOPT PACKING pc=0x000001fe3edb1db0 sp=0x000000ccd27fbb80
Event: 1053.719 Thread 0x000001fe57758000 DEOPT UNPACKING pc=0x000001fe36cba1af sp=0x000000ccd27fbb30 mode 2
Event: 1053.813 Thread 0x000001fe57758000 Uncommon trap: trap_request=0xffffff4d fr.pc=0x000001fe3ed6ef0c relative=0x000000000000180c
Event: 1053.813 Thread 0x000001fe57758000 Uncommon trap: reason=unstable_if action=reinterpret pc=0x000001fe3ed6ef0c method=org.objectweb.asm.SymbolTable.addConstantIntegerOrFloat(II)Lorg/objectweb/asm/Symbol; @ 33 c2
Event: 1053.813 Thread 0x000001fe57758000 DEOPT PACKING pc=0x000001fe3ed6ef0c sp=0x000000ccd27fbad0
Event: 1053.813 Thread 0x000001fe57758000 DEOPT UNPACKING pc=0x000001fe36cba1af sp=0x000000ccd27fb9c0 mode 2
Event: 1053.838 Thread 0x000001fe57758000 Uncommon trap: trap_request=0xffffff4d fr.pc=0x000001fe3ec0c44c relative=0x000000000000142c
Event: 1053.838 Thread 0x000001fe57758000 Uncommon trap: reason=unstable_if action=reinterpret pc=0x000001fe3ec0c44c method=org.objectweb.asm.Type.getArgumentsAndReturnSizes(Ljava/lang/String;)I @ 25 c2
Event: 1053.838 Thread 0x000001fe57758000 DEOPT PACKING pc=0x000001fe3ec0c44c sp=0x000000ccd27fbae0
Event: 1053.838 Thread 0x000001fe57758000 DEOPT UNPACKING pc=0x000001fe36cba1af sp=0x000000ccd27fb988 mode 2
Event: 1053.844 Thread 0x000001fe57758000 Uncommon trap: trap_request=0xffffff4d fr.pc=0x000001fe3eb291d4 relative=0x0000000000000434
Event: 1053.844 Thread 0x000001fe57758000 Uncommon trap: reason=unstable_if action=reinterpret pc=0x000001fe3eb291d4 method=org.objectweb.asm.Type.getArgumentsAndReturnSizes(Ljava/lang/String;)I @ 19 c2
Event: 1053.844 Thread 0x000001fe57758000 DEOPT PACKING pc=0x000001fe3eb291d4 sp=0x000000ccd27fb9a0
Event: 1053.844 Thread 0x000001fe57758000 DEOPT UNPACKING pc=0x000001fe36cba1af sp=0x000000ccd27fb920 mode 2
Event: 1054.198 Thread 0x000001fe57758000 Uncommon trap: trap_request=0xffffff4d fr.pc=0x000001fe3ec1035c relative=0x000000000000029c
Event: 1054.198 Thread 0x000001fe57758000 Uncommon trap: reason=unstable_if action=reinterpret pc=0x000001fe3ec1035c method=org.objectweb.asm.Type.getTypeInternal(Ljava/lang/String;II)Lorg/objectweb/asm/Type; @ 5 c2
Event: 1054.198 Thread 0x000001fe57758000 DEOPT PACKING pc=0x000001fe3ec1035c sp=0x000000ccd27fb740
Event: 1054.198 Thread 0x000001fe57758000 DEOPT UNPACKING pc=0x000001fe36cba1af sp=0x000000ccd27fb6f8 mode 2

Classes redefined (0 events):
No events

Internal exceptions (20 events):
Event: 1046.855 Thread 0x000001fe57754000 Exception <a 'sun/nio/fs/WindowsException'{0x000000009293eda8}> (0x000000009293eda8) thrown at [src/hotspot/share/prims/jni.cpp, line 617]
Event: 1046.867 Thread 0x000001fe57754000 Exception <a 'sun/nio/fs/WindowsException'{0x0000000092953880}> (0x0000000092953880) thrown at [src/hotspot/share/prims/jni.cpp, line 617]
Event: 1046.872 Thread 0x000001fe57754000 Exception <a 'sun/nio/fs/WindowsException'{0x0000000092954a60}> (0x0000000092954a60) thrown at [src/hotspot/share/prims/jni.cpp, line 617]
Event: 1047.229 Thread 0x000001fe57754000 Exception <a 'sun/nio/fs/WindowsException'{0x00000000927d6340}> (0x00000000927d6340) thrown at [src/hotspot/share/prims/jni.cpp, line 617]
Event: 1047.229 Thread 0x000001fe57754000 Exception <a 'sun/nio/fs/WindowsException'{0x00000000927d6fd8}> (0x00000000927d6fd8) thrown at [src/hotspot/share/prims/jni.cpp, line 617]
Event: 1047.535 Thread 0x000001fe57759000 Exception <a 'sun/nio/fs/WindowsException'{0x00000000924ee630}> (0x00000000924ee630) thrown at [src/hotspot/share/prims/jni.cpp, line 617]
Event: 1047.535 Thread 0x000001fe57759000 Exception <a 'sun/nio/fs/WindowsException'{0x00000000924ef4c8}> (0x00000000924ef4c8) thrown at [src/hotspot/share/prims/jni.cpp, line 617]
Event: 1048.213 Thread 0x000001fe57759000 Exception <a 'sun/nio/fs/WindowsException'{0x00000000939418f8}> (0x00000000939418f8) thrown at [src/hotspot/share/prims/jni.cpp, line 617]
Event: 1048.213 Thread 0x000001fe57759000 Exception <a 'sun/nio/fs/WindowsException'{0x00000000939468e8}> (0x00000000939468e8) thrown at [src/hotspot/share/prims/jni.cpp, line 617]
Event: 1048.213 Thread 0x000001fe57759000 Exception <a 'sun/nio/fs/WindowsException'{0x0000000093946c08}> (0x0000000093946c08) thrown at [src/hotspot/share/prims/jni.cpp, line 617]
Event: 1048.214 Thread 0x000001fe57759000 Exception <a 'sun/nio/fs/WindowsException'{0x0000000093947aa8}> (0x0000000093947aa8) thrown at [src/hotspot/share/prims/jni.cpp, line 617]
Event: 1048.214 Thread 0x000001fe57759000 Exception <a 'sun/nio/fs/WindowsException'{0x0000000093947d90}> (0x0000000093947d90) thrown at [src/hotspot/share/prims/jni.cpp, line 617]
Event: 1048.214 Thread 0x000001fe57759000 Exception <a 'sun/nio/fs/WindowsException'{0x0000000093948c18}> (0x0000000093948c18) thrown at [src/hotspot/share/prims/jni.cpp, line 617]
Event: 1051.093 Thread 0x000001fe57758000 Exception <a 'sun/nio/fs/WindowsException'{0x00000000925537c0}> (0x00000000925537c0) thrown at [src/hotspot/share/prims/jni.cpp, line 617]
Event: 1051.094 Thread 0x000001fe57758000 Exception <a 'sun/nio/fs/WindowsException'{0x0000000092557b20}> (0x0000000092557b20) thrown at [src/hotspot/share/prims/jni.cpp, line 617]
Event: 1051.486 Thread 0x000001fe57756800 Exception <a 'sun/nio/fs/WindowsException'{0x00000000925e7ea0}> (0x00000000925e7ea0) thrown at [src/hotspot/share/prims/jni.cpp, line 617]
Event: 1051.522 Thread 0x000001fe5774c800 Exception <a 'java/lang/NoSuchMethodError'{0x000000009245f898}: <clinit>> (0x000000009245f898) thrown at [src/hotspot/share/prims/jni.cpp, line 1367]
Event: 1053.718 Thread 0x000001fe57758000 Implicit null exception at 0x000001fe3ed96414 to 0x000001fe3ed96648
Event: 1053.718 Thread 0x000001fe57758000 Implicit null exception at 0x000001fe3ed96bfc to 0x000001fe3ed96c64
Event: 1053.718 Thread 0x000001fe57758000 Implicit null exception at 0x000001fe3efee14d to 0x000001fe3efee570

Events (20 events):
Event: 1053.662 loading class com/google/common/collect/Ordering$ArbitraryOrderingHolder
Event: 1053.662 loading class com/google/common/collect/Ordering$ArbitraryOrderingHolder done
Event: 1053.663 loading class com/google/common/collect/Ordering$ArbitraryOrdering
Event: 1053.663 loading class com/google/common/collect/Ordering$ArbitraryOrdering done
Event: 1053.663 loading class com/google/common/collect/MapMakerInternalMap$WeakKeyStrongValueEntry$Helper
Event: 1053.663 loading class com/google/common/collect/MapMakerInternalMap$WeakKeyStrongValueEntry$Helper done
Event: 1053.665 loading class com/google/common/collect/MapMakerInternalMap$WeakKeyStrongValueSegment
Event: 1053.665 loading class com/google/common/collect/MapMakerInternalMap$WeakKeyStrongValueSegment done
Event: 1053.666 loading class com/google/common/primitives/Booleans
Event: 1053.666 loading class com/google/common/primitives/Booleans done
Event: 1053.716 loading class org/gradle/internal/normalization/java/impl/AnnotationValue
Event: 1053.716 loading class org/gradle/internal/normalization/java/impl/AnnotationValue done
Event: 1053.717 loading class org/gradle/internal/normalization/java/impl/ArrayAnnotationValue
Event: 1053.717 loading class org/gradle/internal/normalization/java/impl/ArrayAnnotationValue done
Event: 1053.717 Thread 0x000001fe4cd89800 Thread exited: 0x000001fe4cd89800
Event: 1053.830 Thread 0x000001fe4cd89800 Thread added: 0x000001fe4cd89800
Event: 1053.997 Executing VM operation: CGC_Operation
Event: 1054.036 Executing VM operation: CGC_Operation done
Event: 1054.258 Executing VM operation: CGC_Operation
Event: 1054.260 Executing VM operation: CGC_Operation done


Dynamic libraries:
0x00007ff758170000 - 0x00007ff75817a000 	C:\Program Files\Android\Android Studio\jbr\bin\java.exe
0x00007fff3bf70000 - 0x00007fff3c168000 	C:\WINDOWS\SYSTEM32\ntdll.dll
0x00007fff39fb0000 - 0x00007fff3a06f000 	C:\WINDOWS\System32\KERNEL32.DLL
0x00007fff39700000 - 0x00007fff399d2000 	C:\WINDOWS\System32\KERNELBASE.dll
0x00007fff39eb0000 - 0x00007fff39fb0000 	C:\WINDOWS\System32\ucrtbase.dll
0x00007fff35a50000 - 0x00007fff35a67000 	C:\Program Files\Android\Android Studio\jbr\bin\jli.dll
0x00007fff19df0000 - 0x00007fff19e0b000 	C:\Program Files\Android\Android Studio\jbr\bin\VCRUNTIME140.dll
0x00007fff3ba30000 - 0x00007fff3bbd1000 	C:\WINDOWS\System32\USER32.dll
0x00007fff39ce0000 - 0x00007fff39d02000 	C:\WINDOWS\System32\win32u.dll
0x00007fff3bbe0000 - 0x00007fff3bc0b000 	C:\WINDOWS\System32\GDI32.dll
0x00007fff340a0000 - 0x00007fff3433a000 	C:\WINDOWS\WinSxS\amd64_microsoft.windows.common-controls_6595b64144ccf1df_6.0.19041.1110_none_60b5254171f9507e\COMCTL32.dll
0x00007fff39b40000 - 0x00007fff39c4f000 	C:\WINDOWS\System32\gdi32full.dll
0x00007fff3a5f0000 - 0x00007fff3a68e000 	C:\WINDOWS\System32\msvcrt.dll
0x00007fff39660000 - 0x00007fff396fd000 	C:\WINDOWS\System32\msvcp_win.dll
0x00007fff3a9f0000 - 0x00007fff3aa22000 	C:\WINDOWS\System32\IMM32.DLL
0x00007fff17440000 - 0x00007fff174cd000 	C:\Program Files\Android\Android Studio\jbr\bin\msvcp140.dll
0x00007fff2e420000 - 0x00007fff2e42c000 	C:\WINDOWS\SYSTEM32\VCRUNTIME140_1.dll
0x00007fff04240000 - 0x00007fff04dfc000 	C:\Program Files\Android\Android Studio\jbr\bin\server\jvm.dll
0x00007fff3a200000 - 0x00007fff3a2ae000 	C:\WINDOWS\System32\ADVAPI32.dll
0x00007fff3b2e0000 - 0x00007fff3b37c000 	C:\WINDOWS\System32\sechost.dll
0x00007fff3a0d0000 - 0x00007fff3a1f5000 	C:\WINDOWS\System32\RPCRT4.dll
0x00007fff3bca0000 - 0x00007fff3bca8000 	C:\WINDOWS\System32\PSAPI.DLL
0x00007fff2cb60000 - 0x00007fff2cb69000 	C:\WINDOWS\SYSTEM32\WSOCK32.dll
0x00007fff34580000 - 0x00007fff345a7000 	C:\WINDOWS\SYSTEM32\WINMM.dll
0x00007fff34540000 - 0x00007fff3454a000 	C:\WINDOWS\SYSTEM32\VERSION.dll
0x00007fff3bcb0000 - 0x00007fff3bd1b000 	C:\WINDOWS\System32\WS2_32.dll
0x00007fff37400000 - 0x00007fff37412000 	C:\WINDOWS\SYSTEM32\kernel.appcore.dll
0x00007fff35ae0000 - 0x00007fff35af0000 	C:\Program Files\Android\Android Studio\jbr\bin\verify.dll
0x00007fff2da00000 - 0x00007fff2dbe4000 	C:\WINDOWS\SYSTEM32\DBGHELP.DLL
0x00007fff2d650000 - 0x00007fff2d685000 	C:\WINDOWS\SYSTEM32\dbgcore.DLL
0x00007fff39c50000 - 0x00007fff39cd2000 	C:\WINDOWS\System32\bcryptPrimitives.dll
0x00007fff1dcd0000 - 0x00007fff1dcf8000 	C:\Program Files\Android\Android Studio\jbr\bin\java.dll
0x00007fff35ad0000 - 0x00007fff35ada000 	C:\Program Files\Android\Android Studio\jbr\bin\jimage.dll
0x00007fff1dc80000 - 0x00007fff1dc98000 	C:\Program Files\Android\Android Studio\jbr\bin\zip.dll
0x00007fff3ab70000 - 0x00007fff3b2b4000 	C:\WINDOWS\System32\SHELL32.dll
0x00007fff376e0000 - 0x00007fff37e72000 	C:\WINDOWS\SYSTEM32\windows.storage.dll
0x00007fff3a690000 - 0x00007fff3a9e5000 	C:\WINDOWS\System32\combase.dll
0x00007fff38f00000 - 0x00007fff38f30000 	C:\WINDOWS\SYSTEM32\Wldp.dll
0x00007fff3b500000 - 0x00007fff3b5ad000 	C:\WINDOWS\System32\SHCORE.dll
0x00007fff3a360000 - 0x00007fff3a3b5000 	C:\WINDOWS\System32\shlwapi.dll
0x00007fff395a0000 - 0x00007fff395bf000 	C:\WINDOWS\SYSTEM32\profapi.dll
0x00007fff1dc60000 - 0x00007fff1dc79000 	C:\Program Files\Android\Android Studio\jbr\bin\net.dll
0x00007fff322e0000 - 0x00007fff323ec000 	C:\WINDOWS\SYSTEM32\WINHTTP.dll
0x00007fff38ce0000 - 0x00007fff38d4a000 	C:\WINDOWS\system32\mswsock.dll
0x00007fff1d760000 - 0x00007fff1d773000 	C:\Program Files\Android\Android Studio\jbr\bin\nio.dll
0x00007fff18de0000 - 0x00007fff18e07000 	C:\Users\Isahs\.gradle\native\e1d6ef7f7dcc3fd88c89a11ec53ec762bb8ba0a96d01ffa2cd45eb1d1d8dd5c5\windows-amd64\native-platform.dll
0x00007fff14ae0000 - 0x00007fff14c24000 	C:\Users\Isahs\.gradle\native\0d407fdbe67a94daf76414ababcb853783967236a71b16ec16e742cd7a986fd3\windows-amd64\native-platform-file-events.dll
0x00007fff346f0000 - 0x00007fff346fa000 	C:\Program Files\Android\Android Studio\jbr\bin\management.dll
0x00007fff346a0000 - 0x00007fff346ab000 	C:\Program Files\Android\Android Studio\jbr\bin\management_ext.dll
0x00007fff38fb0000 - 0x00007fff38fc8000 	C:\WINDOWS\SYSTEM32\CRYPTSP.dll
0x00007fff38620000 - 0x00007fff38654000 	C:\WINDOWS\system32\rsaenh.dll
0x00007fff39e10000 - 0x00007fff39e37000 	C:\WINDOWS\System32\bcrypt.dll
0x00007fff39560000 - 0x00007fff3958e000 	C:\WINDOWS\SYSTEM32\USERENV.dll
0x00007fff38e70000 - 0x00007fff38e7c000 	C:\WINDOWS\SYSTEM32\CRYPTBASE.dll
0x00007fff389f0000 - 0x00007fff38a2b000 	C:\WINDOWS\SYSTEM32\IPHLPAPI.DLL
0x00007fff3ba20000 - 0x00007fff3ba28000 	C:\WINDOWS\System32\NSI.dll
0x00007fff333c0000 - 0x00007fff333d7000 	C:\WINDOWS\SYSTEM32\dhcpcsvc6.DLL
0x00007fff33450000 - 0x00007fff3346d000 	C:\WINDOWS\SYSTEM32\dhcpcsvc.DLL
0x00007fff38a30000 - 0x00007fff38afa000 	C:\WINDOWS\SYSTEM32\DNSAPI.dll
0x00007fff0e710000 - 0x00007fff0e894000 	C:\Program Files\Android\Android Studio\jbr\bin\awt.dll
0x00007fff3aaa0000 - 0x00007fff3ab6d000 	C:\WINDOWS\System32\OLEAUT32.dll
0x00007fff373d0000 - 0x00007fff373ff000 	C:\WINDOWS\SYSTEM32\dwmapi.dll
0x00007fff36eb0000 - 0x00007fff36f41000 	C:\WINDOWS\SYSTEM32\apphelp.dll
0x00007fff37010000 - 0x00007fff370ae000 	C:\WINDOWS\system32\uxtheme.dll
0x00007fff38740000 - 0x00007fff38773000 	C:\WINDOWS\SYSTEM32\ntmarta.dll

dbghelp: loaded successfully - version: 4.0.5 - missing functions: none
symbol engine: initialized successfully - sym options: 0x614 - pdb path: .;C:\Program Files\Android\Android Studio\jbr\bin;C:\WINDOWS\SYSTEM32;C:\WINDOWS\WinSxS\amd64_microsoft.windows.common-controls_6595b64144ccf1df_6.0.19041.1110_none_60b5254171f9507e;C:\Program Files\Android\Android Studio\jbr\bin\server;C:\Users\Isahs\.gradle\native\e1d6ef7f7dcc3fd88c89a11ec53ec762bb8ba0a96d01ffa2cd45eb1d1d8dd5c5\windows-amd64;C:\Users\Isahs\.gradle\native\0d407fdbe67a94daf76414ababcb853783967236a71b16ec16e742cd7a986fd3\windows-amd64

VM Arguments:
jvm_args: --add-opens=java.base/java.util=ALL-UNNAMED --add-opens=java.base/java.lang=ALL-UNNAMED --add-opens=java.base/java.lang.invoke=ALL-UNNAMED --add-opens=java.base/java.util=ALL-UNNAMED --add-opens=java.prefs/java.util.prefs=ALL-UNNAMED --add-opens=java.prefs/java.util.prefs=ALL-UNNAMED --add-opens=java.base/java.nio.charset=ALL-UNNAMED --add-opens=java.base/java.net=ALL-UNNAMED --add-opens=java.base/java.util.concurrent.atomic=ALL-UNNAMED -Xmx2048m -Dfile.encoding=UTF-8 -Duser.country=BR -Duser.language=pt -Duser.variant 
java_command: org.gradle.launcher.daemon.bootstrap.GradleDaemon 7.5
java_class_path (initial): C:\Users\Isahs\.gradle\wrapper\dists\gradle-7.5-bin\f1w0cc9nuo0eivz97x2xlu9sv\gradle-7.5\lib\gradle-launcher-7.5.jar
Launcher Type: SUN_STANDARD

[Global flags]
     intx CICompilerCount                          = 3                                         {product} {ergonomic}
     uint ConcGCThreads                            = 1                                         {product} {ergonomic}
     uint G1ConcRefinementThreads                  = 4                                         {product} {ergonomic}
   size_t G1HeapRegionSize                         = 1048576                                   {product} {ergonomic}
    uintx GCDrainStackTargetSize                   = 64                                        {product} {ergonomic}
   size_t InitialHeapSize                          = 134217728                                 {product} {ergonomic}
   size_t MarkStackSize                            = 4194304                                   {product} {ergonomic}
   size_t MaxHeapSize                              = 2147483648                                {product} {command line}
   size_t MaxNewSize                               = 1287651328                                {product} {ergonomic}
   size_t MinHeapDeltaBytes                        = 1048576                                   {product} {ergonomic}
    uintx NonNMethodCodeHeapSize                   = 5830732                                {pd product} {ergonomic}
    uintx NonProfiledCodeHeapSize                  = 122913754                              {pd product} {ergonomic}
    uintx ProfiledCodeHeapSize                     = 122913754                              {pd product} {ergonomic}
    uintx ReservedCodeCacheSize                    = 251658240                              {pd product} {ergonomic}
     bool SegmentedCodeCache                       = true                                      {product} {ergonomic}
     bool UseCompressedClassPointers               = true                                 {lp64_product} {ergonomic}
     bool UseCompressedOops                        = true                                 {lp64_product} {ergonomic}
     bool UseG1GC                                  = true                                      {product} {ergonomic}
     bool UseLargePagesIndividualAllocation        = false                                  {pd product} {ergonomic}

Logging:
Log output configuration:
 #0: stdout all=warning uptime,level,tags
 #1: stderr all=off uptime,level,tags

Environment Variables:
JAVA_HOME=C:\Program Files\Microsoft\jdk-17.0.6.10-hotspot\
PATH=C:\Program Files\Common Files\Oracle\Java\javapath;C:\Program Files\Microsoft\jdk-17.0.6.10-hotspot\bin;C:\Program Files\Microsoft\jdk-11.0.12.7-hotspot\bin;C:\Python311\Scripts\;C:\Python311\;C:\xampp\php;C:\Program Files (x86)\Common Files\Oracle\Java\javapath;C:\Program Files (x86)\Intel\iCLS Client\;C:\Program Files\Intel\iCLS Client\;C:\WINDOWS\system32;C:\WINDOWS;C:\WINDOWS\System32\Wbem;C:\WINDOWS\System32\WindowsPowerShell\v1.0\;C:\Program Files (x86)\Intel\Intel(R) Management Engine Components\DAL;C:\Program Files\Intel\Intel(R) Management Engine Components\DAL;C:\Program Files (x86)\Intel\Intel(R) Management Engine Components\IPT;C:\Program Files\Intel\Intel(R) Management Engine Components\IPT;C:\WINDOWS\System32\OpenSSH\;C:\Users\Isahs\AppData\Local\Microsoft\WindowsApps;C:\Program Files (x86)\FreeArc\bin;C:\Users\Isahs\AppData\Local\Programs\Microsoft VS Code Insiders\bin;C:\Users\Isahs\AppData\Roaming\npm;C:\Users\Isahs\AppData\Local\Programs\Microsoft VS Code\bin;C:\adb;C:\WINDOWS\system32;C:\WINDOWS;C:\WINDOWS\System32\Wbem;C:\WINDOWS\System32\WindowsPowerShell\v1.0\;C:\WINDOWS\System32\OpenSSH\;C:\Program Files\Kotlin;C:\Program Files\dotnet\;C:\Program Files\Microsoft SQL Server\150\Tools\Binn\;C:\composer;C:\Program Files\Git\cmd;%USERPROFILES%\AppData\Roaming\Composer\vendor\bin;C:\ProgramData\chocolatey\bin;C:\Program Files\nodejs\;C:\Program Files\Microsoft SQL Server\130\Tools\Binn\;C:\Program Files\Microsoft SQL Server\Client SDK\ODBC\170\Tools\Binn\;C:\Program Files\Devart\EntityDeveloper\Console;C:\Users\Isahs\AppData\Local\Android\Sdk\platform-tools;C:\Android\commandlinetools-win-9477386_latest\platform-tools;C:\Android\commandlinetools-win-9477386_latest\emulator;C:\Program Files\MySQL\MySQL Shell 8.0\bin\;C:\Users\Isahs\AppData\Local\Programs\Python\Python310\Scripts\;C:\Users\Isahs\AppData\Local\Programs\Python\Python310\;C:\Users\Isahs\AppData\Local\Microsoft\WindowsApps;C:\Program Files (x86)\FreeArc\bin;C:\Users\Isahs\Documents\Dev
USERNAME=Isahs
OS=Windows_NT
PROCESSOR_IDENTIFIER=Intel64 Family 6 Model 142 Stepping 9, GenuineIntel



---------------  S Y S T E M  ---------------

OS: Windows 10 , 64 bit Build 19041 (10.0.19041.2364)
OS uptime: 0 days 7:28 hours
Hyper-V role detected

CPU:total 4 (initial active 4) (2 cores per cpu, 2 threads per core) family 6 model 142 stepping 9 microcode 0xb4, cmov, cx8, fxsr, mmx, sse, sse2, sse3, ssse3, sse4.1, sse4.2, popcnt, avx, avx2, aes, clmul, erms, 3dnowpref, lzcnt, ht, tsc, tscinvbit, bmi1, bmi2, adx, fma

Memory: 4k page, system-wide physical 8067M (827M free)
TotalPageFile size 8067M (AvailPageFile size 3M)
current process WorkingSet (physical memory assigned to process): 539M, peak: 599M
current process commit charge ("private bytes"): 722M, peak: 724M

vm_info: OpenJDK 64-Bit Server VM (11.0.15+0-b2043.56-8887301) for windows-amd64 JRE (11.0.15+0-b2043.56-8887301), built on Jul 29 2022 23:19:47 by "builduser" with unknown MS VC++:1929

END.
